<?xml version="1.0" encoding="UTF-8"?>
<!-- Generated by org.testng.reporters.JUnitReportReporter -->
<testsuite hostname="LAPTOP-SPH6G305" failures="0" tests="1101" name="Practice99.BeforeAndAfterClass.Enabled" time="1.339" errors="0" timestamp="2024-03-25T11:06:06 IST" skipped="1">
  <testcase classname="Practice99.BeforeAndAfterClass.Enabled" name="testCase3" time="0.000"/>
  <testcase classname="Practice99.BeforeAndAfterClass.Enabled" name="testCase3" time="0.003"/>
  <testcase classname="Practice99.BeforeAndAfterClass.Enabled" name="testCase3" time="0.017"/>
  <testcase classname="Practice99.BeforeAndAfterClass.Enabled" name="testCase3" time="0.001"/>
  <testcase classname="Practice99.BeforeAndAfterClass.Enabled" name="testCase3" time="0.000"/>
  <testcase classname="Practice99.BeforeAndAfterClass.Enabled" name="testCase3" time="0.000"/>
  <testcase classname="Practice99.BeforeAndAfterClass.Enabled" name="testCase3" time="0.001"/>
  <testcase classname="Practice99.BeforeAndAfterClass.Enabled" name="testCase3" time="0.001"/>
  <testcase classname="Practice99.BeforeAndAfterClass.Enabled" name="testCase3" time="0.000"/>
  <testcase classname="Practice99.BeforeAndAfterClass.Enabled" name="testCase3" time="0.001"/>
  <testcase classname="Practice99.BeforeAndAfterClass.Enabled" name="testCase3" time="0.001"/>
  <testcase classname="Practice99.BeforeAndAfterClass.Enabled" name="testCase3" time="0.002"/>
  <testcase classname="Practice99.BeforeAndAfterClass.Enabled" name="testCase3" time="0.001"/>
  <testcase classname="Practice99.BeforeAndAfterClass.Enabled" name="testCase3" time="0.001"/>
  <testcase classname="Practice99.BeforeAndAfterClass.Enabled" name="testCase3" time="0.000"/>
  <testcase classname="Practice99.BeforeAndAfterClass.Enabled" name="testCase3" time="0.000"/>
  <testcase classname="Practice99.BeforeAndAfterClass.Enabled" name="testCase3" time="0.001"/>
  <testcase classname="Practice99.BeforeAndAfterClass.Enabled" name="testCase3" time="0.000"/>
  <testcase classname="Practice99.BeforeAndAfterClass.Enabled" name="testCase3" time="0.000"/>
  <testcase classname="Practice99.BeforeAndAfterClass.Enabled" name="testCase3" time="0.001"/>
  <testcase classname="Practice99.BeforeAndAfterClass.Enabled" name="testCase3" time="0.000"/>
  <testcase classname="Practice99.BeforeAndAfterClass.Enabled" name="testCase3" time="0.001"/>
  <testcase classname="Practice99.BeforeAndAfterClass.Enabled" name="testCase3" time="0.000"/>
  <testcase classname="Practice99.BeforeAndAfterClass.Enabled" name="testCase3" time="0.001"/>
  <testcase classname="Practice99.BeforeAndAfterClass.Enabled" name="testCase3" time="0.001"/>
  <testcase classname="Practice99.BeforeAndAfterClass.Enabled" name="testCase3" time="0.000"/>
  <testcase classname="Practice99.BeforeAndAfterClass.Enabled" name="testCase3" time="0.001"/>
  <testcase classname="Practice99.BeforeAndAfterClass.Enabled" name="testCase3" time="0.000"/>
  <testcase classname="Practice99.BeforeAndAfterClass.Enabled" name="testCase3" time="0.000"/>
  <testcase classname="Practice99.BeforeAndAfterClass.Enabled" name="testCase3" time="0.000"/>
  <testcase classname="Practice99.BeforeAndAfterClass.Enabled" name="testCase3" time="0.001"/>
  <testcase classname="Practice99.BeforeAndAfterClass.Enabled" name="testCase3" time="0.000"/>
  <testcase classname="Practice99.BeforeAndAfterClass.Enabled" name="testCase3" time="0.002"/>
  <testcase classname="Practice99.BeforeAndAfterClass.Enabled" name="testCase3" time="0.001"/>
  <testcase classname="Practice99.BeforeAndAfterClass.Enabled" name="testCase3" time="0.001"/>
  <testcase classname="Practice99.BeforeAndAfterClass.Enabled" name="testCase3" time="0.001"/>
  <testcase classname="Practice99.BeforeAndAfterClass.Enabled" name="testCase3" time="0.000"/>
  <testcase classname="Practice99.BeforeAndAfterClass.Enabled" name="testCase3" time="0.000"/>
  <testcase classname="Practice99.BeforeAndAfterClass.Enabled" name="testCase3" time="0.000"/>
  <testcase classname="Practice99.BeforeAndAfterClass.Enabled" name="testCase3" time="0.001"/>
  <testcase classname="Practice99.BeforeAndAfterClass.Enabled" name="testCase3" time="0.001"/>
  <testcase classname="Practice99.BeforeAndAfterClass.Enabled" name="testCase3" time="0.000"/>
  <testcase classname="Practice99.BeforeAndAfterClass.Enabled" name="testCase3" time="0.001"/>
  <testcase classname="Practice99.BeforeAndAfterClass.Enabled" name="testCase3" time="0.001"/>
  <testcase classname="Practice99.BeforeAndAfterClass.Enabled" name="testCase3" time="0.001"/>
  <testcase classname="Practice99.BeforeAndAfterClass.Enabled" name="testCase3" time="0.001"/>
  <testcase classname="Practice99.BeforeAndAfterClass.Enabled" name="testCase3" time="0.002"/>
  <testcase classname="Practice99.BeforeAndAfterClass.Enabled" name="testCase3" time="0.000"/>
  <testcase classname="Practice99.BeforeAndAfterClass.Enabled" name="testCase3" time="0.000"/>
  <testcase classname="Practice99.BeforeAndAfterClass.Enabled" name="testCase3" time="0.000"/>
  <testcase classname="Practice99.BeforeAndAfterClass.Enabled" name="testCase3" time="0.000"/>
  <testcase classname="Practice99.BeforeAndAfterClass.Enabled" name="testCase3" time="0.001"/>
  <testcase classname="Practice99.BeforeAndAfterClass.Enabled" name="testCase3" time="0.001"/>
  <testcase classname="Practice99.BeforeAndAfterClass.Enabled" name="testCase3" time="0.000"/>
  <testcase classname="Practice99.BeforeAndAfterClass.Enabled" name="testCase3" time="0.002"/>
  <testcase classname="Practice99.BeforeAndAfterClass.Enabled" name="testCase3" time="0.001"/>
  <testcase classname="Practice99.BeforeAndAfterClass.Enabled" name="testCase3" time="0.007"/>
  <testcase classname="Practice99.BeforeAndAfterClass.Enabled" name="testCase3" time="0.001"/>
  <testcase classname="Practice99.BeforeAndAfterClass.Enabled" name="testCase3" time="0.002"/>
  <testcase classname="Practice99.BeforeAndAfterClass.Enabled" name="testCase3" time="0.000"/>
  <testcase classname="Practice99.BeforeAndAfterClass.Enabled" name="testCase3" time="0.001"/>
  <testcase classname="Practice99.BeforeAndAfterClass.Enabled" name="testCase3" time="0.004"/>
  <testcase classname="Practice99.BeforeAndAfterClass.Enabled" name="testCase3" time="0.001"/>
  <testcase classname="Practice99.BeforeAndAfterClass.Enabled" name="testCase3" time="0.000"/>
  <testcase classname="Practice99.BeforeAndAfterClass.Enabled" name="testCase3" time="0.000"/>
  <testcase classname="Practice99.BeforeAndAfterClass.Enabled" name="testCase3" time="0.004"/>
  <testcase classname="Practice99.BeforeAndAfterClass.Enabled" name="testCase3" time="0.000"/>
  <testcase classname="Practice99.BeforeAndAfterClass.Enabled" name="testCase3" time="0.001"/>
  <testcase classname="Practice99.BeforeAndAfterClass.Enabled" name="testCase3" time="0.001"/>
  <testcase classname="Practice99.BeforeAndAfterClass.Enabled" name="testCase3" time="0.001"/>
  <testcase classname="Practice99.BeforeAndAfterClass.Enabled" name="testCase3" time="0.002"/>
  <testcase classname="Practice99.BeforeAndAfterClass.Enabled" name="testCase3" time="0.002"/>
  <testcase classname="Practice99.BeforeAndAfterClass.Enabled" name="testCase3" time="0.000"/>
  <testcase classname="Practice99.BeforeAndAfterClass.Enabled" name="testCase3" time="0.000"/>
  <testcase classname="Practice99.BeforeAndAfterClass.Enabled" name="testCase3" time="0.001"/>
  <testcase classname="Practice99.BeforeAndAfterClass.Enabled" name="testCase3" time="0.000"/>
  <testcase classname="Practice99.BeforeAndAfterClass.Enabled" name="testCase3" time="0.000"/>
  <testcase classname="Practice99.BeforeAndAfterClass.Enabled" name="testCase3" time="0.000"/>
  <testcase classname="Practice99.BeforeAndAfterClass.Enabled" name="testCase3" time="0.001"/>
  <testcase classname="Practice99.BeforeAndAfterClass.Enabled" name="testCase3" time="0.000"/>
  <testcase classname="Practice99.BeforeAndAfterClass.Enabled" name="testCase3" time="0.009"/>
  <testcase classname="Practice99.BeforeAndAfterClass.Enabled" name="testCase3" time="0.001"/>
  <testcase classname="Practice99.BeforeAndAfterClass.Enabled" name="testCase3" time="0.001"/>
  <testcase classname="Practice99.BeforeAndAfterClass.Enabled" name="testCase3" time="0.000"/>
  <testcase classname="Practice99.BeforeAndAfterClass.Enabled" name="testCase3" time="0.000"/>
  <testcase classname="Practice99.BeforeAndAfterClass.Enabled" name="testCase3" time="0.001"/>
  <testcase classname="Practice99.BeforeAndAfterClass.Enabled" name="testCase3" time="0.000"/>
  <testcase classname="Practice99.BeforeAndAfterClass.Enabled" name="testCase3" time="0.001"/>
  <testcase classname="Practice99.BeforeAndAfterClass.Enabled" name="testCase3" time="0.000"/>
  <testcase classname="Practice99.BeforeAndAfterClass.Enabled" name="testCase3" time="0.002"/>
  <testcase classname="Practice99.BeforeAndAfterClass.Enabled" name="testCase3" time="0.000"/>
  <testcase classname="Practice99.BeforeAndAfterClass.Enabled" name="testCase3" time="0.003"/>
  <testcase classname="Practice99.BeforeAndAfterClass.Enabled" name="testCase3" time="0.000"/>
  <testcase classname="Practice99.BeforeAndAfterClass.Enabled" name="testCase3" time="0.000"/>
  <testcase classname="Practice99.BeforeAndAfterClass.Enabled" name="testCase3" time="0.001"/>
  <testcase classname="Practice99.BeforeAndAfterClass.Enabled" name="testCase3" time="0.001"/>
  <testcase classname="Practice99.BeforeAndAfterClass.Enabled" name="testCase3" time="0.003"/>
  <testcase classname="Practice99.BeforeAndAfterClass.Enabled" name="testCase3" time="0.000"/>
  <testcase classname="Practice99.BeforeAndAfterClass.Enabled" name="testCase3" time="0.000"/>
  <testcase classname="Practice99.BeforeAndAfterClass.Enabled" name="testCase3" time="0.001"/>
  <testcase classname="Practice99.BeforeAndAfterClass.Enabled" name="testCase3" time="0.001"/>
  <testcase classname="Practice99.BeforeAndAfterClass.Enabled" name="testCase3" time="0.000"/>
  <testcase classname="Practice99.BeforeAndAfterClass.Enabled" name="testCase3" time="0.001"/>
  <testcase classname="Practice99.BeforeAndAfterClass.Enabled" name="testCase3" time="0.001"/>
  <testcase classname="Practice99.BeforeAndAfterClass.Enabled" name="testCase3" time="0.001"/>
  <testcase classname="Practice99.BeforeAndAfterClass.Enabled" name="testCase3" time="0.000"/>
  <testcase classname="Practice99.BeforeAndAfterClass.Enabled" name="testCase3" time="0.000"/>
  <testcase classname="Practice99.BeforeAndAfterClass.Enabled" name="testCase3" time="0.000"/>
  <testcase classname="Practice99.BeforeAndAfterClass.Enabled" name="testCase3" time="0.001"/>
  <testcase classname="Practice99.BeforeAndAfterClass.Enabled" name="testCase3" time="0.001"/>
  <testcase classname="Practice99.BeforeAndAfterClass.Enabled" name="testCase3" time="0.002"/>
  <testcase classname="Practice99.BeforeAndAfterClass.Enabled" name="testCase3" time="0.000"/>
  <testcase classname="Practice99.BeforeAndAfterClass.Enabled" name="testCase3" time="0.001"/>
  <testcase classname="Practice99.BeforeAndAfterClass.Enabled" name="testCase3" time="0.001"/>
  <testcase classname="Practice99.BeforeAndAfterClass.Enabled" name="testCase3" time="0.001"/>
  <testcase classname="Practice99.BeforeAndAfterClass.Enabled" name="testCase3" time="0.001"/>
  <testcase classname="Practice99.BeforeAndAfterClass.Enabled" name="testCase3" time="0.001"/>
  <testcase classname="Practice99.BeforeAndAfterClass.Enabled" name="testCase3" time="0.000"/>
  <testcase classname="Practice99.BeforeAndAfterClass.Enabled" name="testCase3" time="0.006"/>
  <testcase classname="Practice99.BeforeAndAfterClass.Enabled" name="testCase3" time="0.001"/>
  <testcase classname="Practice99.BeforeAndAfterClass.Enabled" name="testCase3" time="0.002"/>
  <testcase classname="Practice99.BeforeAndAfterClass.Enabled" name="testCase3" time="0.000"/>
  <testcase classname="Practice99.BeforeAndAfterClass.Enabled" name="testCase3" time="0.001"/>
  <testcase classname="Practice99.BeforeAndAfterClass.Enabled" name="testCase3" time="0.000"/>
  <testcase classname="Practice99.BeforeAndAfterClass.Enabled" name="testCase3" time="0.000"/>
  <testcase classname="Practice99.BeforeAndAfterClass.Enabled" name="testCase3" time="0.001"/>
  <testcase classname="Practice99.BeforeAndAfterClass.Enabled" name="testCase3" time="0.001"/>
  <testcase classname="Practice99.BeforeAndAfterClass.Enabled" name="testCase3" time="0.000"/>
  <testcase classname="Practice99.BeforeAndAfterClass.Enabled" name="testCase3" time="0.000"/>
  <testcase classname="Practice99.BeforeAndAfterClass.Enabled" name="testCase3" time="0.002"/>
  <testcase classname="Practice99.BeforeAndAfterClass.Enabled" name="testCase3" time="0.001"/>
  <testcase classname="Practice99.BeforeAndAfterClass.Enabled" name="testCase3" time="0.000"/>
  <testcase classname="Practice99.BeforeAndAfterClass.Enabled" name="testCase3" time="0.003"/>
  <testcase classname="Practice99.BeforeAndAfterClass.Enabled" name="testCase3" time="0.001"/>
  <testcase classname="Practice99.BeforeAndAfterClass.Enabled" name="testCase3" time="0.001"/>
  <testcase classname="Practice99.BeforeAndAfterClass.Enabled" name="testCase3" time="0.001"/>
  <testcase classname="Practice99.BeforeAndAfterClass.Enabled" name="testCase3" time="0.001"/>
  <testcase classname="Practice99.BeforeAndAfterClass.Enabled" name="testCase3" time="0.003"/>
  <testcase classname="Practice99.BeforeAndAfterClass.Enabled" name="testCase3" time="0.002"/>
  <testcase classname="Practice99.BeforeAndAfterClass.Enabled" name="testCase3" time="0.001"/>
  <testcase classname="Practice99.BeforeAndAfterClass.Enabled" name="testCase3" time="0.000"/>
  <testcase classname="Practice99.BeforeAndAfterClass.Enabled" name="testCase3" time="0.004"/>
  <testcase classname="Practice99.BeforeAndAfterClass.Enabled" name="testCase3" time="0.001"/>
  <testcase classname="Practice99.BeforeAndAfterClass.Enabled" name="testCase3" time="0.001"/>
  <testcase classname="Practice99.BeforeAndAfterClass.Enabled" name="testCase3" time="0.000"/>
  <testcase classname="Practice99.BeforeAndAfterClass.Enabled" name="testCase3" time="0.002"/>
  <testcase classname="Practice99.BeforeAndAfterClass.Enabled" name="testCase3" time="0.001"/>
  <testcase classname="Practice99.BeforeAndAfterClass.Enabled" name="testCase3" time="0.001"/>
  <testcase classname="Practice99.BeforeAndAfterClass.Enabled" name="testCase3" time="0.008"/>
  <testcase classname="Practice99.BeforeAndAfterClass.Enabled" name="testCase3" time="0.000"/>
  <testcase classname="Practice99.BeforeAndAfterClass.Enabled" name="testCase3" time="0.001"/>
  <testcase classname="Practice99.BeforeAndAfterClass.Enabled" name="testCase3" time="0.000"/>
  <testcase classname="Practice99.BeforeAndAfterClass.Enabled" name="testCase3" time="0.000"/>
  <testcase classname="Practice99.BeforeAndAfterClass.Enabled" name="testCase3" time="0.001"/>
  <testcase classname="Practice99.BeforeAndAfterClass.Enabled" name="testCase3" time="0.000"/>
  <testcase classname="Practice99.BeforeAndAfterClass.Enabled" name="testCase3" time="0.001"/>
  <testcase classname="Practice99.BeforeAndAfterClass.Enabled" name="testCase3" time="0.002"/>
  <testcase classname="Practice99.BeforeAndAfterClass.Enabled" name="testCase3" time="0.000"/>
  <testcase classname="Practice99.BeforeAndAfterClass.Enabled" name="testCase3" time="0.001"/>
  <testcase classname="Practice99.BeforeAndAfterClass.Enabled" name="testCase3" time="0.000"/>
  <testcase classname="Practice99.BeforeAndAfterClass.Enabled" name="testCase3" time="0.001"/>
  <testcase classname="Practice99.BeforeAndAfterClass.Enabled" name="testCase3" time="0.000"/>
  <testcase classname="Practice99.BeforeAndAfterClass.Enabled" name="testCase3" time="0.000"/>
  <testcase classname="Practice99.BeforeAndAfterClass.Enabled" name="testCase3" time="0.001"/>
  <testcase classname="Practice99.BeforeAndAfterClass.Enabled" name="testCase3" time="0.001"/>
  <testcase classname="Practice99.BeforeAndAfterClass.Enabled" name="testCase3" time="0.000"/>
  <testcase classname="Practice99.BeforeAndAfterClass.Enabled" name="testCase3" time="0.000"/>
  <testcase classname="Practice99.BeforeAndAfterClass.Enabled" name="testCase3" time="0.000"/>
  <testcase classname="Practice99.BeforeAndAfterClass.Enabled" name="testCase3" time="0.001"/>
  <testcase classname="Practice99.BeforeAndAfterClass.Enabled" name="testCase3" time="0.000"/>
  <testcase classname="Practice99.BeforeAndAfterClass.Enabled" name="testCase3" time="0.001"/>
  <testcase classname="Practice99.BeforeAndAfterClass.Enabled" name="testCase3" time="0.001"/>
  <testcase classname="Practice99.BeforeAndAfterClass.Enabled" name="testCase3" time="0.001"/>
  <testcase classname="Practice99.BeforeAndAfterClass.Enabled" name="testCase3" time="0.000"/>
  <testcase classname="Practice99.BeforeAndAfterClass.Enabled" name="testCase3" time="0.001"/>
  <testcase classname="Practice99.BeforeAndAfterClass.Enabled" name="testCase3" time="0.001"/>
  <testcase classname="Practice99.BeforeAndAfterClass.Enabled" name="testCase3" time="0.001"/>
  <testcase classname="Practice99.BeforeAndAfterClass.Enabled" name="testCase3" time="0.000"/>
  <testcase classname="Practice99.BeforeAndAfterClass.Enabled" name="testCase3" time="0.007"/>
  <testcase classname="Practice99.BeforeAndAfterClass.Enabled" name="testCase3" time="0.001"/>
  <testcase classname="Practice99.BeforeAndAfterClass.Enabled" name="testCase3" time="0.000"/>
  <testcase classname="Practice99.BeforeAndAfterClass.Enabled" name="testCase3" time="0.001"/>
  <testcase classname="Practice99.BeforeAndAfterClass.Enabled" name="testCase3" time="0.000"/>
  <testcase classname="Practice99.BeforeAndAfterClass.Enabled" name="testCase3" time="0.000"/>
  <testcase classname="Practice99.BeforeAndAfterClass.Enabled" name="testCase3" time="0.001"/>
  <testcase classname="Practice99.BeforeAndAfterClass.Enabled" name="testCase3" time="0.002"/>
  <testcase classname="Practice99.BeforeAndAfterClass.Enabled" name="testCase3" time="0.001"/>
  <testcase classname="Practice99.BeforeAndAfterClass.Enabled" name="testCase3" time="0.002"/>
  <testcase classname="Practice99.BeforeAndAfterClass.Enabled" name="testCase3" time="0.000"/>
  <testcase classname="Practice99.BeforeAndAfterClass.Enabled" name="testCase3" time="0.000"/>
  <testcase classname="Practice99.BeforeAndAfterClass.Enabled" name="testCase3" time="0.001"/>
  <testcase classname="Practice99.BeforeAndAfterClass.Enabled" name="testCase3" time="0.000"/>
  <testcase classname="Practice99.BeforeAndAfterClass.Enabled" name="testCase3" time="0.000"/>
  <testcase classname="Practice99.BeforeAndAfterClass.Enabled" name="testCase3" time="0.000"/>
  <testcase classname="Practice99.BeforeAndAfterClass.Enabled" name="testCase3" time="0.001"/>
  <testcase classname="Practice99.BeforeAndAfterClass.Enabled" name="testCase3" time="0.000"/>
  <testcase classname="Practice99.BeforeAndAfterClass.Enabled" name="testCase3" time="0.001"/>
  <testcase classname="Practice99.BeforeAndAfterClass.Enabled" name="testCase3" time="0.001"/>
  <testcase classname="Practice99.BeforeAndAfterClass.Enabled" name="testCase3" time="0.001"/>
  <testcase classname="Practice99.BeforeAndAfterClass.Enabled" name="testCase3" time="0.001"/>
  <testcase classname="Practice99.BeforeAndAfterClass.Enabled" name="testCase3" time="0.001"/>
  <testcase classname="Practice99.BeforeAndAfterClass.Enabled" name="testCase3" time="0.005"/>
  <testcase classname="Practice99.BeforeAndAfterClass.Enabled" name="testCase3" time="0.005"/>
  <testcase classname="Practice99.BeforeAndAfterClass.Enabled" name="testCase3" time="0.001"/>
  <testcase classname="Practice99.BeforeAndAfterClass.Enabled" name="testCase3" time="0.001"/>
  <testcase classname="Practice99.BeforeAndAfterClass.Enabled" name="testCase3" time="0.000"/>
  <testcase classname="Practice99.BeforeAndAfterClass.Enabled" name="testCase3" time="0.000"/>
  <testcase classname="Practice99.BeforeAndAfterClass.Enabled" name="testCase3" time="0.001"/>
  <testcase classname="Practice99.BeforeAndAfterClass.Enabled" name="testCase3" time="0.001"/>
  <testcase classname="Practice99.BeforeAndAfterClass.Enabled" name="testCase3" time="0.001"/>
  <testcase classname="Practice99.BeforeAndAfterClass.Enabled" name="testCase3" time="0.001"/>
  <testcase classname="Practice99.BeforeAndAfterClass.Enabled" name="testCase3" time="0.001"/>
  <testcase classname="Practice99.BeforeAndAfterClass.Enabled" name="testCase3" time="0.006"/>
  <testcase classname="Practice99.BeforeAndAfterClass.Enabled" name="testCase3" time="0.000"/>
  <testcase classname="Practice99.BeforeAndAfterClass.Enabled" name="testCase3" time="0.005"/>
  <testcase classname="Practice99.BeforeAndAfterClass.Enabled" name="testCase3" time="0.001"/>
  <testcase classname="Practice99.BeforeAndAfterClass.Enabled" name="testCase3" time="0.001"/>
  <testcase classname="Practice99.BeforeAndAfterClass.Enabled" name="testCase3" time="0.001"/>
  <testcase classname="Practice99.BeforeAndAfterClass.Enabled" name="testCase3" time="0.002"/>
  <testcase classname="Practice99.BeforeAndAfterClass.Enabled" name="testCase3" time="0.001"/>
  <testcase classname="Practice99.BeforeAndAfterClass.Enabled" name="testCase3" time="0.000"/>
  <testcase classname="Practice99.BeforeAndAfterClass.Enabled" name="testCase3" time="0.000"/>
  <testcase classname="Practice99.BeforeAndAfterClass.Enabled" name="testCase3" time="0.001"/>
  <testcase classname="Practice99.BeforeAndAfterClass.Enabled" name="testCase3" time="0.002"/>
  <testcase classname="Practice99.BeforeAndAfterClass.Enabled" name="testCase3" time="0.002"/>
  <testcase classname="Practice99.BeforeAndAfterClass.Enabled" name="testCase3" time="0.001"/>
  <testcase classname="Practice99.BeforeAndAfterClass.Enabled" name="testCase3" time="0.000"/>
  <testcase classname="Practice99.BeforeAndAfterClass.Enabled" name="testCase3" time="0.000"/>
  <testcase classname="Practice99.BeforeAndAfterClass.Enabled" name="testCase3" time="0.000"/>
  <testcase classname="Practice99.BeforeAndAfterClass.Enabled" name="testCase3" time="0.000"/>
  <testcase classname="Practice99.BeforeAndAfterClass.Enabled" name="testCase3" time="0.001"/>
  <testcase classname="Practice99.BeforeAndAfterClass.Enabled" name="testCase3" time="0.001"/>
  <testcase classname="Practice99.BeforeAndAfterClass.Enabled" name="testCase3" time="0.001"/>
  <testcase classname="Practice99.BeforeAndAfterClass.Enabled" name="testCase3" time="0.000"/>
  <testcase classname="Practice99.BeforeAndAfterClass.Enabled" name="testCase3" time="0.000"/>
  <testcase classname="Practice99.BeforeAndAfterClass.Enabled" name="testCase3" time="0.002"/>
  <testcase classname="Practice99.BeforeAndAfterClass.Enabled" name="testCase3" time="0.000"/>
  <testcase classname="Practice99.BeforeAndAfterClass.Enabled" name="testCase3" time="0.001"/>
  <testcase classname="Practice99.BeforeAndAfterClass.Enabled" name="testCase3" time="0.000"/>
  <testcase classname="Practice99.BeforeAndAfterClass.Enabled" name="testCase3" time="0.000"/>
  <testcase classname="Practice99.BeforeAndAfterClass.Enabled" name="testCase3" time="0.003"/>
  <testcase classname="Practice99.BeforeAndAfterClass.Enabled" name="testCase3" time="0.001"/>
  <testcase classname="Practice99.BeforeAndAfterClass.Enabled" name="testCase3" time="0.000"/>
  <testcase classname="Practice99.BeforeAndAfterClass.Enabled" name="testCase3" time="0.000"/>
  <testcase classname="Practice99.BeforeAndAfterClass.Enabled" name="testCase3" time="0.002"/>
  <testcase classname="Practice99.BeforeAndAfterClass.Enabled" name="testCase3" time="0.001"/>
  <testcase classname="Practice99.BeforeAndAfterClass.Enabled" name="testCase3" time="0.000"/>
  <testcase classname="Practice99.BeforeAndAfterClass.Enabled" name="testCase3" time="0.001"/>
  <testcase classname="Practice99.BeforeAndAfterClass.Enabled" name="testCase3" time="0.000"/>
  <testcase classname="Practice99.BeforeAndAfterClass.Enabled" name="testCase3" time="0.001"/>
  <testcase classname="Practice99.BeforeAndAfterClass.Enabled" name="testCase3" time="0.001"/>
  <testcase classname="Practice99.BeforeAndAfterClass.Enabled" name="testCase3" time="0.001"/>
  <testcase classname="Practice99.BeforeAndAfterClass.Enabled" name="testCase3" time="0.001"/>
  <testcase classname="Practice99.BeforeAndAfterClass.Enabled" name="testCase3" time="0.002"/>
  <testcase classname="Practice99.BeforeAndAfterClass.Enabled" name="testCase3" time="0.001"/>
  <testcase classname="Practice99.BeforeAndAfterClass.Enabled" name="testCase3" time="0.002"/>
  <testcase classname="Practice99.BeforeAndAfterClass.Enabled" name="testCase3" time="0.001"/>
  <testcase classname="Practice99.BeforeAndAfterClass.Enabled" name="testCase3" time="0.001"/>
  <testcase classname="Practice99.BeforeAndAfterClass.Enabled" name="testCase3" time="0.002"/>
  <testcase classname="Practice99.BeforeAndAfterClass.Enabled" name="testCase3" time="0.000"/>
  <testcase classname="Practice99.BeforeAndAfterClass.Enabled" name="testCase3" time="0.001"/>
  <testcase classname="Practice99.BeforeAndAfterClass.Enabled" name="testCase3" time="0.000"/>
  <testcase classname="Practice99.BeforeAndAfterClass.Enabled" name="testCase3" time="0.000"/>
  <testcase classname="Practice99.BeforeAndAfterClass.Enabled" name="testCase3" time="0.000"/>
  <testcase classname="Practice99.BeforeAndAfterClass.Enabled" name="testCase3" time="0.002"/>
  <testcase classname="Practice99.BeforeAndAfterClass.Enabled" name="testCase3" time="0.000"/>
  <testcase classname="Practice99.BeforeAndAfterClass.Enabled" name="testCase3" time="0.007"/>
  <testcase classname="Practice99.BeforeAndAfterClass.Enabled" name="testCase3" time="0.001"/>
  <testcase classname="Practice99.BeforeAndAfterClass.Enabled" name="testCase3" time="0.000"/>
  <testcase classname="Practice99.BeforeAndAfterClass.Enabled" name="testCase3" time="0.002"/>
  <testcase classname="Practice99.BeforeAndAfterClass.Enabled" name="testCase3" time="0.000"/>
  <testcase classname="Practice99.BeforeAndAfterClass.Enabled" name="testCase3" time="0.000"/>
  <testcase classname="Practice99.BeforeAndAfterClass.Enabled" name="testCase3" time="0.000"/>
  <testcase classname="Practice99.BeforeAndAfterClass.Enabled" name="testCase3" time="0.001"/>
  <testcase classname="Practice99.BeforeAndAfterClass.Enabled" name="testCase3" time="0.000"/>
  <testcase classname="Practice99.BeforeAndAfterClass.Enabled" name="testCase3" time="0.000"/>
  <testcase classname="Practice99.BeforeAndAfterClass.Enabled" name="testCase3" time="0.001"/>
  <testcase classname="Practice99.BeforeAndAfterClass.Enabled" name="testCase3" time="0.001"/>
  <testcase classname="Practice99.BeforeAndAfterClass.Enabled" name="testCase3" time="0.000"/>
  <testcase classname="Practice99.BeforeAndAfterClass.Enabled" name="testCase3" time="0.001"/>
  <testcase classname="Practice99.BeforeAndAfterClass.Enabled" name="testCase3" time="0.004"/>
  <testcase classname="Practice99.BeforeAndAfterClass.Enabled" name="testCase3" time="0.000"/>
  <testcase classname="Practice99.BeforeAndAfterClass.Enabled" name="testCase3" time="0.001"/>
  <testcase classname="Practice99.BeforeAndAfterClass.Enabled" name="testCase3" time="0.001"/>
  <testcase classname="Practice99.BeforeAndAfterClass.Enabled" name="testCase3" time="0.000"/>
  <testcase classname="Practice99.BeforeAndAfterClass.Enabled" name="testCase3" time="0.000"/>
  <testcase classname="Practice99.BeforeAndAfterClass.Enabled" name="testCase3" time="0.004"/>
  <testcase classname="Practice99.BeforeAndAfterClass.Enabled" name="testCase3" time="0.001"/>
  <testcase classname="Practice99.BeforeAndAfterClass.Enabled" name="testCase3" time="0.001"/>
  <testcase classname="Practice99.BeforeAndAfterClass.Enabled" name="testCase3" time="0.001"/>
  <testcase classname="Practice99.BeforeAndAfterClass.Enabled" name="testCase3" time="0.001"/>
  <testcase classname="Practice99.BeforeAndAfterClass.Enabled" name="testCase3" time="0.000"/>
  <testcase classname="Practice99.BeforeAndAfterClass.Enabled" name="testCase3" time="0.002"/>
  <testcase classname="Practice99.BeforeAndAfterClass.Enabled" name="testCase3" time="0.000"/>
  <testcase classname="Practice99.BeforeAndAfterClass.Enabled" name="testCase3" time="0.000"/>
  <testcase classname="Practice99.BeforeAndAfterClass.Enabled" name="testCase3" time="0.001"/>
  <testcase classname="Practice99.BeforeAndAfterClass.Enabled" name="testCase3" time="0.000"/>
  <testcase classname="Practice99.BeforeAndAfterClass.Enabled" name="testCase3" time="0.000"/>
  <testcase classname="Practice99.BeforeAndAfterClass.Enabled" name="testCase3" time="0.003"/>
  <testcase classname="Practice99.BeforeAndAfterClass.Enabled" name="testCase3" time="0.001"/>
  <testcase classname="Practice99.BeforeAndAfterClass.Enabled" name="testCase3" time="0.001"/>
  <testcase classname="Practice99.BeforeAndAfterClass.Enabled" name="testCase3" time="0.001"/>
  <testcase classname="Practice99.BeforeAndAfterClass.Enabled" name="testCase3" time="0.001"/>
  <testcase classname="Practice99.BeforeAndAfterClass.Enabled" name="testCase3" time="0.000"/>
  <testcase classname="Practice99.BeforeAndAfterClass.Enabled" name="testCase3" time="0.001"/>
  <testcase classname="Practice99.BeforeAndAfterClass.Enabled" name="testCase3" time="0.001"/>
  <testcase classname="Practice99.BeforeAndAfterClass.Enabled" name="testCase3" time="0.002"/>
  <testcase classname="Practice99.BeforeAndAfterClass.Enabled" name="testCase3" time="0.001"/>
  <testcase classname="Practice99.BeforeAndAfterClass.Enabled" name="testCase3" time="0.002"/>
  <testcase classname="Practice99.BeforeAndAfterClass.Enabled" name="testCase3" time="0.000"/>
  <testcase classname="Practice99.BeforeAndAfterClass.Enabled" name="testCase3" time="0.000"/>
  <testcase classname="Practice99.BeforeAndAfterClass.Enabled" name="testCase3" time="0.000"/>
  <testcase classname="Practice99.BeforeAndAfterClass.Enabled" name="testCase3" time="0.000"/>
  <testcase classname="Practice99.BeforeAndAfterClass.Enabled" name="testCase3" time="0.003"/>
  <testcase classname="Practice99.BeforeAndAfterClass.Enabled" name="testCase3" time="0.002"/>
  <testcase classname="Practice99.BeforeAndAfterClass.Enabled" name="testCase3" time="0.000"/>
  <testcase classname="Practice99.BeforeAndAfterClass.Enabled" name="testCase3" time="0.000"/>
  <testcase classname="Practice99.BeforeAndAfterClass.Enabled" name="testCase3" time="0.000"/>
  <testcase classname="Practice99.BeforeAndAfterClass.Enabled" name="testCase3" time="0.001"/>
  <testcase classname="Practice99.BeforeAndAfterClass.Enabled" name="testCase3" time="0.001"/>
  <testcase classname="Practice99.BeforeAndAfterClass.Enabled" name="testCase3" time="0.001"/>
  <testcase classname="Practice99.BeforeAndAfterClass.Enabled" name="testCase3" time="0.000"/>
  <testcase classname="Practice99.BeforeAndAfterClass.Enabled" name="testCase3" time="0.001"/>
  <testcase classname="Practice99.BeforeAndAfterClass.Enabled" name="testCase3" time="0.001"/>
  <testcase classname="Practice99.BeforeAndAfterClass.Enabled" name="testCase3" time="0.001"/>
  <testcase classname="Practice99.BeforeAndAfterClass.Enabled" name="testCase3" time="0.001"/>
  <testcase classname="Practice99.BeforeAndAfterClass.Enabled" name="testCase3" time="0.002"/>
  <testcase classname="Practice99.BeforeAndAfterClass.Enabled" name="testCase3" time="0.000"/>
  <testcase classname="Practice99.BeforeAndAfterClass.Enabled" name="testCase3" time="0.001"/>
  <testcase classname="Practice99.BeforeAndAfterClass.Enabled" name="testCase3" time="0.007"/>
  <testcase classname="Practice99.BeforeAndAfterClass.Enabled" name="testCase3" time="0.001"/>
  <testcase classname="Practice99.BeforeAndAfterClass.Enabled" name="testCase3" time="0.000"/>
  <testcase classname="Practice99.BeforeAndAfterClass.Enabled" name="testCase3" time="0.001"/>
  <testcase classname="Practice99.BeforeAndAfterClass.Enabled" name="testCase3" time="0.001"/>
  <testcase classname="Practice99.BeforeAndAfterClass.Enabled" name="testCase3" time="0.001"/>
  <testcase classname="Practice99.BeforeAndAfterClass.Enabled" name="testCase3" time="0.000"/>
  <testcase classname="Practice99.BeforeAndAfterClass.Enabled" name="testCase3" time="0.001"/>
  <testcase classname="Practice99.BeforeAndAfterClass.Enabled" name="testCase3" time="0.001"/>
  <testcase classname="Practice99.BeforeAndAfterClass.Enabled" name="testCase3" time="0.000"/>
  <testcase classname="Practice99.BeforeAndAfterClass.Enabled" name="testCase3" time="0.001"/>
  <testcase classname="Practice99.BeforeAndAfterClass.Enabled" name="testCase3" time="0.001"/>
  <testcase classname="Practice99.BeforeAndAfterClass.Enabled" name="testCase3" time="0.001"/>
  <testcase classname="Practice99.BeforeAndAfterClass.Enabled" name="testCase3" time="0.001"/>
  <testcase classname="Practice99.BeforeAndAfterClass.Enabled" name="testCase3" time="0.000"/>
  <testcase classname="Practice99.BeforeAndAfterClass.Enabled" name="testCase3" time="0.001"/>
  <testcase classname="Practice99.BeforeAndAfterClass.Enabled" name="testCase3" time="0.000"/>
  <testcase classname="Practice99.BeforeAndAfterClass.Enabled" name="testCase3" time="0.001"/>
  <testcase classname="Practice99.BeforeAndAfterClass.Enabled" name="testCase3" time="0.002"/>
  <testcase classname="Practice99.BeforeAndAfterClass.Enabled" name="testCase3" time="0.001"/>
  <testcase classname="Practice99.BeforeAndAfterClass.Enabled" name="testCase3" time="0.004"/>
  <testcase classname="Practice99.BeforeAndAfterClass.Enabled" name="testCase3" time="0.001"/>
  <testcase classname="Practice99.BeforeAndAfterClass.Enabled" name="testCase3" time="0.001"/>
  <testcase classname="Practice99.BeforeAndAfterClass.Enabled" name="testCase3" time="0.004"/>
  <testcase classname="Practice99.BeforeAndAfterClass.Enabled" name="testCase3" time="0.001"/>
  <testcase classname="Practice99.BeforeAndAfterClass.Enabled" name="testCase3" time="0.001"/>
  <testcase classname="Practice99.BeforeAndAfterClass.Enabled" name="testCase3" time="0.000"/>
  <testcase classname="Practice99.BeforeAndAfterClass.Enabled" name="testCase3" time="0.001"/>
  <testcase classname="Practice99.BeforeAndAfterClass.Enabled" name="testCase3" time="0.000"/>
  <testcase classname="Practice99.BeforeAndAfterClass.Enabled" name="testCase3" time="0.001"/>
  <testcase classname="Practice99.BeforeAndAfterClass.Enabled" name="testCase3" time="0.000"/>
  <testcase classname="Practice99.BeforeAndAfterClass.Enabled" name="testCase3" time="0.000"/>
  <testcase classname="Practice99.BeforeAndAfterClass.Enabled" name="testCase3" time="0.002"/>
  <testcase classname="Practice99.BeforeAndAfterClass.Enabled" name="testCase3" time="0.000"/>
  <testcase classname="Practice99.BeforeAndAfterClass.Enabled" name="testCase3" time="0.001"/>
  <testcase classname="Practice99.BeforeAndAfterClass.Enabled" name="testCase3" time="0.000"/>
  <testcase classname="Practice99.BeforeAndAfterClass.Enabled" name="testCase3" time="0.003"/>
  <testcase classname="Practice99.BeforeAndAfterClass.Enabled" name="testCase3" time="0.000"/>
  <testcase classname="Practice99.BeforeAndAfterClass.Enabled" name="testCase3" time="0.001"/>
  <testcase classname="Practice99.BeforeAndAfterClass.Enabled" name="testCase3" time="0.001"/>
  <testcase classname="Practice99.BeforeAndAfterClass.Enabled" name="testCase3" time="0.001"/>
  <testcase classname="Practice99.BeforeAndAfterClass.Enabled" name="testCase3" time="0.001"/>
  <testcase classname="Practice99.BeforeAndAfterClass.Enabled" name="testCase3" time="0.000"/>
  <testcase classname="Practice99.BeforeAndAfterClass.Enabled" name="testCase3" time="0.001"/>
  <testcase classname="Practice99.BeforeAndAfterClass.Enabled" name="testCase3" time="0.002"/>
  <testcase classname="Practice99.BeforeAndAfterClass.Enabled" name="testCase3" time="0.001"/>
  <testcase classname="Practice99.BeforeAndAfterClass.Enabled" name="testCase3" time="0.002"/>
  <testcase classname="Practice99.BeforeAndAfterClass.Enabled" name="testCase3" time="0.000"/>
  <testcase classname="Practice99.BeforeAndAfterClass.Enabled" name="testCase3" time="0.001"/>
  <testcase classname="Practice99.BeforeAndAfterClass.Enabled" name="testCase3" time="0.000"/>
  <testcase classname="Practice99.BeforeAndAfterClass.Enabled" name="testCase3" time="0.001"/>
  <testcase classname="Practice99.BeforeAndAfterClass.Enabled" name="testCase3" time="0.001"/>
  <testcase classname="Practice99.BeforeAndAfterClass.Enabled" name="testCase3" time="0.004"/>
  <testcase classname="Practice99.BeforeAndAfterClass.Enabled" name="testCase3" time="0.001"/>
  <testcase classname="Practice99.BeforeAndAfterClass.Enabled" name="testCase3" time="0.004"/>
  <testcase classname="Practice99.BeforeAndAfterClass.Enabled" name="testCase3" time="0.001"/>
  <testcase classname="Practice99.BeforeAndAfterClass.Enabled" name="testCase3" time="0.000"/>
  <testcase classname="Practice99.BeforeAndAfterClass.Enabled" name="testCase3" time="0.000"/>
  <testcase classname="Practice99.BeforeAndAfterClass.Enabled" name="testCase3" time="0.000"/>
  <testcase classname="Practice99.BeforeAndAfterClass.Enabled" name="testCase3" time="0.000"/>
  <testcase classname="Practice99.BeforeAndAfterClass.Enabled" name="testCase3" time="0.000"/>
  <testcase classname="Practice99.BeforeAndAfterClass.Enabled" name="testCase3" time="0.001"/>
  <testcase classname="Practice99.BeforeAndAfterClass.Enabled" name="testCase3" time="0.000"/>
  <testcase classname="Practice99.BeforeAndAfterClass.Enabled" name="testCase3" time="0.001"/>
  <testcase classname="Practice99.BeforeAndAfterClass.Enabled" name="testCase3" time="0.000"/>
  <testcase classname="Practice99.BeforeAndAfterClass.Enabled" name="testCase3" time="0.001"/>
  <testcase classname="Practice99.BeforeAndAfterClass.Enabled" name="testCase3" time="0.000"/>
  <testcase classname="Practice99.BeforeAndAfterClass.Enabled" name="testCase3" time="0.001"/>
  <testcase classname="Practice99.BeforeAndAfterClass.Enabled" name="testCase3" time="0.003"/>
  <testcase classname="Practice99.BeforeAndAfterClass.Enabled" name="testCase3" time="0.000"/>
  <testcase classname="Practice99.BeforeAndAfterClass.Enabled" name="testCase3" time="0.002"/>
  <testcase classname="Practice99.BeforeAndAfterClass.Enabled" name="testCase3" time="0.001"/>
  <testcase classname="Practice99.BeforeAndAfterClass.Enabled" name="testCase3" time="0.001"/>
  <testcase classname="Practice99.BeforeAndAfterClass.Enabled" name="testCase3" time="0.001"/>
  <testcase classname="Practice99.BeforeAndAfterClass.Enabled" name="testCase3" time="0.000"/>
  <testcase classname="Practice99.BeforeAndAfterClass.Enabled" name="testCase3" time="0.000"/>
  <testcase classname="Practice99.BeforeAndAfterClass.Enabled" name="testCase3" time="0.001"/>
  <testcase classname="Practice99.BeforeAndAfterClass.Enabled" name="testCase3" time="0.000"/>
  <testcase classname="Practice99.BeforeAndAfterClass.Enabled" name="testCase3" time="0.001"/>
  <testcase classname="Practice99.BeforeAndAfterClass.Enabled" name="testCase3" time="0.000"/>
  <testcase classname="Practice99.BeforeAndAfterClass.Enabled" name="testCase3" time="0.000"/>
  <testcase classname="Practice99.BeforeAndAfterClass.Enabled" name="testCase3" time="0.001"/>
  <testcase classname="Practice99.BeforeAndAfterClass.Enabled" name="testCase3" time="0.001"/>
  <testcase classname="Practice99.BeforeAndAfterClass.Enabled" name="testCase3" time="0.000"/>
  <testcase classname="Practice99.BeforeAndAfterClass.Enabled" name="testCase3" time="0.000"/>
  <testcase classname="Practice99.BeforeAndAfterClass.Enabled" name="testCase3" time="0.000"/>
  <testcase classname="Practice99.BeforeAndAfterClass.Enabled" name="testCase3" time="0.001"/>
  <testcase classname="Practice99.BeforeAndAfterClass.Enabled" name="testCase3" time="0.003"/>
  <testcase classname="Practice99.BeforeAndAfterClass.Enabled" name="testCase3" time="0.002"/>
  <testcase classname="Practice99.BeforeAndAfterClass.Enabled" name="testCase3" time="0.002"/>
  <testcase classname="Practice99.BeforeAndAfterClass.Enabled" name="testCase3" time="0.004"/>
  <testcase classname="Practice99.BeforeAndAfterClass.Enabled" name="testCase3" time="0.000"/>
  <testcase classname="Practice99.BeforeAndAfterClass.Enabled" name="testCase3" time="0.001"/>
  <testcase classname="Practice99.BeforeAndAfterClass.Enabled" name="testCase3" time="0.001"/>
  <testcase classname="Practice99.BeforeAndAfterClass.Enabled" name="testCase3" time="0.017"/>
  <testcase classname="Practice99.BeforeAndAfterClass.Enabled" name="testCase3" time="0.003"/>
  <testcase classname="Practice99.BeforeAndAfterClass.Enabled" name="testCase3" time="0.001"/>
  <testcase classname="Practice99.BeforeAndAfterClass.Enabled" name="testCase3" time="0.001"/>
  <testcase classname="Practice99.BeforeAndAfterClass.Enabled" name="testCase3" time="0.003"/>
  <testcase classname="Practice99.BeforeAndAfterClass.Enabled" name="testCase3" time="0.001"/>
  <testcase classname="Practice99.BeforeAndAfterClass.Enabled" name="testCase3" time="0.001"/>
  <testcase classname="Practice99.BeforeAndAfterClass.Enabled" name="testCase3" time="0.001"/>
  <testcase classname="Practice99.BeforeAndAfterClass.Enabled" name="testCase3" time="0.000"/>
  <testcase classname="Practice99.BeforeAndAfterClass.Enabled" name="testCase3" time="0.001"/>
  <testcase classname="Practice99.BeforeAndAfterClass.Enabled" name="testCase3" time="0.026"/>
  <testcase classname="Practice99.BeforeAndAfterClass.Enabled" name="testCase3" time="0.003"/>
  <testcase classname="Practice99.BeforeAndAfterClass.Enabled" name="testCase3" time="0.001"/>
  <testcase classname="Practice99.BeforeAndAfterClass.Enabled" name="testCase3" time="0.004"/>
  <testcase classname="Practice99.BeforeAndAfterClass.Enabled" name="testCase3" time="0.003"/>
  <testcase classname="Practice99.BeforeAndAfterClass.Enabled" name="testCase3" time="0.001"/>
  <testcase classname="Practice99.BeforeAndAfterClass.Enabled" name="testCase3" time="0.001"/>
  <testcase classname="Practice99.BeforeAndAfterClass.Enabled" name="testCase3" time="0.002"/>
  <testcase classname="Practice99.BeforeAndAfterClass.Enabled" name="testCase3" time="0.001"/>
  <testcase classname="Practice99.BeforeAndAfterClass.Enabled" name="testCase3" time="0.001"/>
  <testcase classname="Practice99.BeforeAndAfterClass.Enabled" name="testCase3" time="0.002"/>
  <testcase classname="Practice99.BeforeAndAfterClass.Enabled" name="testCase3" time="0.001"/>
  <testcase classname="Practice99.BeforeAndAfterClass.Enabled" name="testCase3" time="0.000"/>
  <testcase classname="Practice99.BeforeAndAfterClass.Enabled" name="testCase3" time="0.001"/>
  <testcase classname="Practice99.BeforeAndAfterClass.Enabled" name="testCase3" time="0.000"/>
  <testcase classname="Practice99.BeforeAndAfterClass.Enabled" name="testCase3" time="0.001"/>
  <testcase classname="Practice99.BeforeAndAfterClass.Enabled" name="testCase3" time="0.002"/>
  <testcase classname="Practice99.BeforeAndAfterClass.Enabled" name="testCase3" time="0.001"/>
  <testcase classname="Practice99.BeforeAndAfterClass.Enabled" name="testCase3" time="0.001"/>
  <testcase classname="Practice99.BeforeAndAfterClass.Enabled" name="testCase3" time="0.001"/>
  <testcase classname="Practice99.BeforeAndAfterClass.Enabled" name="testCase3" time="0.004"/>
  <testcase classname="Practice99.BeforeAndAfterClass.Enabled" name="testCase3" time="0.000"/>
  <testcase classname="Practice99.BeforeAndAfterClass.Enabled" name="testCase3" time="0.003"/>
  <testcase classname="Practice99.BeforeAndAfterClass.Enabled" name="testCase3" time="0.000"/>
  <testcase classname="Practice99.BeforeAndAfterClass.Enabled" name="testCase3" time="0.001"/>
  <testcase classname="Practice99.BeforeAndAfterClass.Enabled" name="testCase3" time="0.000"/>
  <testcase classname="Practice99.BeforeAndAfterClass.Enabled" name="testCase3" time="0.001"/>
  <testcase classname="Practice99.BeforeAndAfterClass.Enabled" name="testCase3" time="0.001"/>
  <testcase classname="Practice99.BeforeAndAfterClass.Enabled" name="testCase3" time="0.000"/>
  <testcase classname="Practice99.BeforeAndAfterClass.Enabled" name="testCase3" time="0.001"/>
  <testcase classname="Practice99.BeforeAndAfterClass.Enabled" name="testCase3" time="0.001"/>
  <testcase classname="Practice99.BeforeAndAfterClass.Enabled" name="testCase3" time="0.001"/>
  <testcase classname="Practice99.BeforeAndAfterClass.Enabled" name="testCase3" time="0.001"/>
  <testcase classname="Practice99.BeforeAndAfterClass.Enabled" name="testCase3" time="0.001"/>
  <testcase classname="Practice99.BeforeAndAfterClass.Enabled" name="testCase3" time="0.007"/>
  <testcase classname="Practice99.BeforeAndAfterClass.Enabled" name="testCase3" time="0.007"/>
  <testcase classname="Practice99.BeforeAndAfterClass.Enabled" name="testCase3" time="0.017"/>
  <testcase classname="Practice99.BeforeAndAfterClass.Enabled" name="testCase3" time="0.000"/>
  <testcase classname="Practice99.BeforeAndAfterClass.Enabled" name="testCase3" time="0.001"/>
  <testcase classname="Practice99.BeforeAndAfterClass.Enabled" name="testCase3" time="0.001"/>
  <testcase classname="Practice99.BeforeAndAfterClass.Enabled" name="testCase3" time="0.000"/>
  <testcase classname="Practice99.BeforeAndAfterClass.Enabled" name="testCase3" time="0.000"/>
  <testcase classname="Practice99.BeforeAndAfterClass.Enabled" name="testCase3" time="0.000"/>
  <testcase classname="Practice99.BeforeAndAfterClass.Enabled" name="testCase3" time="0.002"/>
  <testcase classname="Practice99.BeforeAndAfterClass.Enabled" name="testCase3" time="0.000"/>
  <testcase classname="Practice99.BeforeAndAfterClass.Enabled" name="testCase3" time="0.001"/>
  <testcase classname="Practice99.BeforeAndAfterClass.Enabled" name="testCase3" time="0.001"/>
  <testcase classname="Practice99.BeforeAndAfterClass.Enabled" name="testCase3" time="0.001"/>
  <testcase classname="Practice99.BeforeAndAfterClass.Enabled" name="testCase3" time="0.006"/>
  <testcase classname="Practice99.BeforeAndAfterClass.Enabled" name="testCase3" time="0.001"/>
  <testcase classname="Practice99.BeforeAndAfterClass.Enabled" name="testCase3" time="0.000"/>
  <testcase classname="Practice99.BeforeAndAfterClass.Enabled" name="testCase3" time="0.000"/>
  <testcase classname="Practice99.BeforeAndAfterClass.Enabled" name="testCase3" time="0.001"/>
  <testcase classname="Practice99.BeforeAndAfterClass.Enabled" name="testCase3" time="0.001"/>
  <testcase classname="Practice99.BeforeAndAfterClass.Enabled" name="testCase3" time="0.010"/>
  <testcase classname="Practice99.BeforeAndAfterClass.Enabled" name="testCase3" time="0.001"/>
  <testcase classname="Practice99.BeforeAndAfterClass.Enabled" name="testCase3" time="0.000"/>
  <testcase classname="Practice99.BeforeAndAfterClass.Enabled" name="testCase3" time="0.000"/>
  <testcase classname="Practice99.BeforeAndAfterClass.Enabled" name="testCase3" time="0.001"/>
  <testcase classname="Practice99.BeforeAndAfterClass.Enabled" name="testCase3" time="0.002"/>
  <testcase classname="Practice99.BeforeAndAfterClass.Enabled" name="testCase3" time="0.001"/>
  <testcase classname="Practice99.BeforeAndAfterClass.Enabled" name="testCase3" time="0.001"/>
  <testcase classname="Practice99.BeforeAndAfterClass.Enabled" name="testCase3" time="0.001"/>
  <testcase classname="Practice99.BeforeAndAfterClass.Enabled" name="testCase3" time="0.001"/>
  <testcase classname="Practice99.BeforeAndAfterClass.Enabled" name="testCase3" time="0.000"/>
  <testcase classname="Practice99.BeforeAndAfterClass.Enabled" name="testCase3" time="0.000"/>
  <testcase classname="Practice99.BeforeAndAfterClass.Enabled" name="testCase3" time="0.001"/>
  <testcase classname="Practice99.BeforeAndAfterClass.Enabled" name="testCase3" time="0.000"/>
  <testcase classname="Practice99.BeforeAndAfterClass.Enabled" name="testCase3" time="0.000"/>
  <testcase classname="Practice99.BeforeAndAfterClass.Enabled" name="testCase3" time="0.000"/>
  <testcase classname="Practice99.BeforeAndAfterClass.Enabled" name="testCase3" time="0.000"/>
  <testcase classname="Practice99.BeforeAndAfterClass.Enabled" name="testCase3" time="0.001"/>
  <testcase classname="Practice99.BeforeAndAfterClass.Enabled" name="testCase3" time="0.001"/>
  <testcase classname="Practice99.BeforeAndAfterClass.Enabled" name="testCase3" time="0.000"/>
  <testcase classname="Practice99.BeforeAndAfterClass.Enabled" name="testCase3" time="0.001"/>
  <testcase classname="Practice99.BeforeAndAfterClass.Enabled" name="testCase3" time="0.002"/>
  <testcase classname="Practice99.BeforeAndAfterClass.Enabled" name="testCase3" time="0.001"/>
  <testcase classname="Practice99.BeforeAndAfterClass.Enabled" name="testCase3" time="0.002"/>
  <testcase classname="Practice99.BeforeAndAfterClass.Enabled" name="testCase3" time="0.000"/>
  <testcase classname="Practice99.BeforeAndAfterClass.Enabled" name="testCase3" time="0.000"/>
  <testcase classname="Practice99.BeforeAndAfterClass.Enabled" name="testCase3" time="0.003"/>
  <testcase classname="Practice99.BeforeAndAfterClass.Enabled" name="testCase3" time="0.002"/>
  <testcase classname="Practice99.BeforeAndAfterClass.Enabled" name="testCase3" time="0.001"/>
  <testcase classname="Practice99.BeforeAndAfterClass.Enabled" name="testCase3" time="0.001"/>
  <testcase classname="Practice99.BeforeAndAfterClass.Enabled" name="testCase3" time="0.003"/>
  <testcase classname="Practice99.BeforeAndAfterClass.Enabled" name="testCase3" time="0.000"/>
  <testcase classname="Practice99.BeforeAndAfterClass.Enabled" name="testCase3" time="0.000"/>
  <testcase classname="Practice99.BeforeAndAfterClass.Enabled" name="testCase3" time="0.000"/>
  <testcase classname="Practice99.BeforeAndAfterClass.Enabled" name="testCase3" time="0.004"/>
  <testcase classname="Practice99.BeforeAndAfterClass.Enabled" name="testCase3" time="0.001"/>
  <testcase classname="Practice99.BeforeAndAfterClass.Enabled" name="testCase3" time="0.000"/>
  <testcase classname="Practice99.BeforeAndAfterClass.Enabled" name="testCase3" time="0.001"/>
  <testcase classname="Practice99.BeforeAndAfterClass.Enabled" name="testCase3" time="0.001"/>
  <testcase classname="Practice99.BeforeAndAfterClass.Enabled" name="testCase3" time="0.003"/>
  <testcase classname="Practice99.BeforeAndAfterClass.Enabled" name="testCase3" time="0.002"/>
  <testcase classname="Practice99.BeforeAndAfterClass.Enabled" name="testCase3" time="0.001"/>
  <testcase classname="Practice99.BeforeAndAfterClass.Enabled" name="testCase3" time="0.000"/>
  <testcase classname="Practice99.BeforeAndAfterClass.Enabled" name="testCase3" time="0.000"/>
  <testcase classname="Practice99.BeforeAndAfterClass.Enabled" name="testCase3" time="0.000"/>
  <testcase classname="Practice99.BeforeAndAfterClass.Enabled" name="testCase3" time="0.001"/>
  <testcase classname="Practice99.BeforeAndAfterClass.Enabled" name="testCase3" time="0.000"/>
  <testcase classname="Practice99.BeforeAndAfterClass.Enabled" name="testCase3" time="0.002"/>
  <testcase classname="Practice99.BeforeAndAfterClass.Enabled" name="testCase3" time="0.002"/>
  <testcase classname="Practice99.BeforeAndAfterClass.Enabled" name="testCase3" time="0.001"/>
  <testcase classname="Practice99.BeforeAndAfterClass.Enabled" name="testCase3" time="0.000"/>
  <testcase classname="Practice99.BeforeAndAfterClass.Enabled" name="testCase3" time="0.002"/>
  <testcase classname="Practice99.BeforeAndAfterClass.Enabled" name="testCase3" time="0.000"/>
  <testcase classname="Practice99.BeforeAndAfterClass.Enabled" name="testCase3" time="0.004"/>
  <testcase classname="Practice99.BeforeAndAfterClass.Enabled" name="testCase3" time="0.000"/>
  <testcase classname="Practice99.BeforeAndAfterClass.Enabled" name="testCase3" time="0.001"/>
  <testcase classname="Practice99.BeforeAndAfterClass.Enabled" name="testCase3" time="0.001"/>
  <testcase classname="Practice99.BeforeAndAfterClass.Enabled" name="testCase3" time="0.002"/>
  <testcase classname="Practice99.BeforeAndAfterClass.Enabled" name="testCase3" time="0.001"/>
  <testcase classname="Practice99.BeforeAndAfterClass.Enabled" name="testCase3" time="0.001"/>
  <testcase classname="Practice99.BeforeAndAfterClass.Enabled" name="testCase3" time="0.000"/>
  <testcase classname="Practice99.BeforeAndAfterClass.Enabled" name="testCase3" time="0.002"/>
  <testcase classname="Practice99.BeforeAndAfterClass.Enabled" name="testCase3" time="0.000"/>
  <testcase classname="Practice99.BeforeAndAfterClass.Enabled" name="testCase3" time="0.000"/>
  <testcase classname="Practice99.BeforeAndAfterClass.Enabled" name="testCase3" time="0.001"/>
  <testcase classname="Practice99.BeforeAndAfterClass.Enabled" name="testCase3" time="0.001"/>
  <testcase classname="Practice99.BeforeAndAfterClass.Enabled" name="testCase3" time="0.000"/>
  <testcase classname="Practice99.BeforeAndAfterClass.Enabled" name="testCase3" time="0.001"/>
  <testcase classname="Practice99.BeforeAndAfterClass.Enabled" name="testCase3" time="0.004"/>
  <testcase classname="Practice99.BeforeAndAfterClass.Enabled" name="testCase3" time="0.001"/>
  <testcase classname="Practice99.BeforeAndAfterClass.Enabled" name="testCase3" time="0.001"/>
  <testcase classname="Practice99.BeforeAndAfterClass.Enabled" name="testCase3" time="0.001"/>
  <testcase classname="Practice99.BeforeAndAfterClass.Enabled" name="testCase3" time="0.001"/>
  <testcase classname="Practice99.BeforeAndAfterClass.Enabled" name="testCase3" time="0.001"/>
  <testcase classname="Practice99.BeforeAndAfterClass.Enabled" name="testCase3" time="0.000"/>
  <testcase classname="Practice99.BeforeAndAfterClass.Enabled" name="testCase3" time="0.000"/>
  <testcase classname="Practice99.BeforeAndAfterClass.Enabled" name="testCase3" time="0.001"/>
  <testcase classname="Practice99.BeforeAndAfterClass.Enabled" name="testCase3" time="0.001"/>
  <testcase classname="Practice99.BeforeAndAfterClass.Enabled" name="testCase3" time="0.001"/>
  <testcase classname="Practice99.BeforeAndAfterClass.Enabled" name="testCase3" time="0.001"/>
  <testcase classname="Practice99.BeforeAndAfterClass.Enabled" name="testCase3" time="0.001"/>
  <testcase classname="Practice99.BeforeAndAfterClass.Enabled" name="testCase3" time="0.000"/>
  <testcase classname="Practice99.BeforeAndAfterClass.Enabled" name="testCase3" time="0.002"/>
  <testcase classname="Practice99.BeforeAndAfterClass.Enabled" name="testCase3" time="0.000"/>
  <testcase classname="Practice99.BeforeAndAfterClass.Enabled" name="testCase3" time="0.001"/>
  <testcase classname="Practice99.BeforeAndAfterClass.Enabled" name="testCase3" time="0.001"/>
  <testcase classname="Practice99.BeforeAndAfterClass.Enabled" name="testCase3" time="0.000"/>
  <testcase classname="Practice99.BeforeAndAfterClass.Enabled" name="testCase3" time="0.000"/>
  <testcase classname="Practice99.BeforeAndAfterClass.Enabled" name="testCase3" time="0.001"/>
  <testcase classname="Practice99.BeforeAndAfterClass.Enabled" name="testCase3" time="0.001"/>
  <testcase classname="Practice99.BeforeAndAfterClass.Enabled" name="testCase3" time="0.001"/>
  <testcase classname="Practice99.BeforeAndAfterClass.Enabled" name="testCase3" time="0.001"/>
  <testcase classname="Practice99.BeforeAndAfterClass.Enabled" name="testCase3" time="0.001"/>
  <testcase classname="Practice99.BeforeAndAfterClass.Enabled" name="testCase3" time="0.000"/>
  <testcase classname="Practice99.BeforeAndAfterClass.Enabled" name="testCase3" time="0.001"/>
  <testcase classname="Practice99.BeforeAndAfterClass.Enabled" name="testCase3" time="0.003"/>
  <testcase classname="Practice99.BeforeAndAfterClass.Enabled" name="testCase3" time="0.001"/>
  <testcase classname="Practice99.BeforeAndAfterClass.Enabled" name="testCase3" time="0.001"/>
  <testcase classname="Practice99.BeforeAndAfterClass.Enabled" name="testCase3" time="0.001"/>
  <testcase classname="Practice99.BeforeAndAfterClass.Enabled" name="testCase3" time="0.001"/>
  <testcase classname="Practice99.BeforeAndAfterClass.Enabled" name="testCase3" time="0.000"/>
  <testcase classname="Practice99.BeforeAndAfterClass.Enabled" name="testCase3" time="0.000"/>
  <testcase classname="Practice99.BeforeAndAfterClass.Enabled" name="testCase3" time="0.006"/>
  <testcase classname="Practice99.BeforeAndAfterClass.Enabled" name="testCase3" time="0.000"/>
  <testcase classname="Practice99.BeforeAndAfterClass.Enabled" name="testCase3" time="0.001"/>
  <testcase classname="Practice99.BeforeAndAfterClass.Enabled" name="testCase3" time="0.001"/>
  <testcase classname="Practice99.BeforeAndAfterClass.Enabled" name="testCase3" time="0.000"/>
  <testcase classname="Practice99.BeforeAndAfterClass.Enabled" name="testCase3" time="0.017"/>
  <testcase classname="Practice99.BeforeAndAfterClass.Enabled" name="testCase3" time="0.001"/>
  <testcase classname="Practice99.BeforeAndAfterClass.Enabled" name="testCase3" time="0.001"/>
  <testcase classname="Practice99.BeforeAndAfterClass.Enabled" name="testCase3" time="0.000"/>
  <testcase classname="Practice99.BeforeAndAfterClass.Enabled" name="testCase3" time="0.001"/>
  <testcase classname="Practice99.BeforeAndAfterClass.Enabled" name="testCase3" time="0.000"/>
  <testcase classname="Practice99.BeforeAndAfterClass.Enabled" name="testCase3" time="0.001"/>
  <testcase classname="Practice99.BeforeAndAfterClass.Enabled" name="testCase3" time="0.001"/>
  <testcase classname="Practice99.BeforeAndAfterClass.Enabled" name="testCase3" time="0.001"/>
  <testcase classname="Practice99.BeforeAndAfterClass.Enabled" name="testCase3" time="0.000"/>
  <testcase classname="Practice99.BeforeAndAfterClass.Enabled" name="testCase3" time="0.000"/>
  <testcase classname="Practice99.BeforeAndAfterClass.Enabled" name="testCase3" time="0.001"/>
  <testcase classname="Practice99.BeforeAndAfterClass.Enabled" name="testCase3" time="0.001"/>
  <testcase classname="Practice99.BeforeAndAfterClass.Enabled" name="testCase3" time="0.009"/>
  <testcase classname="Practice99.BeforeAndAfterClass.Enabled" name="testCase3" time="0.003"/>
  <testcase classname="Practice99.BeforeAndAfterClass.Enabled" name="testCase3" time="0.001"/>
  <testcase classname="Practice99.BeforeAndAfterClass.Enabled" name="testCase3" time="0.001"/>
  <testcase classname="Practice99.BeforeAndAfterClass.Enabled" name="testCase3" time="0.000"/>
  <testcase classname="Practice99.BeforeAndAfterClass.Enabled" name="testCase3" time="0.001"/>
  <testcase classname="Practice99.BeforeAndAfterClass.Enabled" name="testCase3" time="0.000"/>
  <testcase classname="Practice99.BeforeAndAfterClass.Enabled" name="testCase3" time="0.001"/>
  <testcase classname="Practice99.BeforeAndAfterClass.Enabled" name="testCase3" time="0.000"/>
  <testcase classname="Practice99.BeforeAndAfterClass.Enabled" name="testCase3" time="0.001"/>
  <testcase classname="Practice99.BeforeAndAfterClass.Enabled" name="testCase3" time="0.002"/>
  <testcase classname="Practice99.BeforeAndAfterClass.Enabled" name="testCase3" time="0.001"/>
  <testcase classname="Practice99.BeforeAndAfterClass.Enabled" name="testCase3" time="0.000"/>
  <testcase classname="Practice99.BeforeAndAfterClass.Enabled" name="testCase3" time="0.003"/>
  <testcase classname="Practice99.BeforeAndAfterClass.Enabled" name="testCase3" time="0.001"/>
  <testcase classname="Practice99.BeforeAndAfterClass.Enabled" name="testCase3" time="0.001"/>
  <testcase classname="Practice99.BeforeAndAfterClass.Enabled" name="testCase3" time="0.001"/>
  <testcase classname="Practice99.BeforeAndAfterClass.Enabled" name="testCase3" time="0.001"/>
  <testcase classname="Practice99.BeforeAndAfterClass.Enabled" name="testCase3" time="0.000"/>
  <testcase classname="Practice99.BeforeAndAfterClass.Enabled" name="testCase3" time="0.000"/>
  <testcase classname="Practice99.BeforeAndAfterClass.Enabled" name="testCase3" time="0.001"/>
  <testcase classname="Practice99.BeforeAndAfterClass.Enabled" name="testCase3" time="0.001"/>
  <testcase classname="Practice99.BeforeAndAfterClass.Enabled" name="testCase3" time="0.001"/>
  <testcase classname="Practice99.BeforeAndAfterClass.Enabled" name="testCase3" time="0.000"/>
  <testcase classname="Practice99.BeforeAndAfterClass.Enabled" name="testCase3" time="0.001"/>
  <testcase classname="Practice99.BeforeAndAfterClass.Enabled" name="testCase3" time="0.000"/>
  <testcase classname="Practice99.BeforeAndAfterClass.Enabled" name="testCase3" time="0.004"/>
  <testcase classname="Practice99.BeforeAndAfterClass.Enabled" name="testCase3" time="0.000"/>
  <testcase classname="Practice99.BeforeAndAfterClass.Enabled" name="testCase3" time="0.001"/>
  <testcase classname="Practice99.BeforeAndAfterClass.Enabled" name="testCase3" time="0.001"/>
  <testcase classname="Practice99.BeforeAndAfterClass.Enabled" name="testCase3" time="0.001"/>
  <testcase classname="Practice99.BeforeAndAfterClass.Enabled" name="testCase3" time="0.000"/>
  <testcase classname="Practice99.BeforeAndAfterClass.Enabled" name="testCase3" time="0.002"/>
  <testcase classname="Practice99.BeforeAndAfterClass.Enabled" name="testCase3" time="0.000"/>
  <testcase classname="Practice99.BeforeAndAfterClass.Enabled" name="testCase3" time="0.001"/>
  <testcase classname="Practice99.BeforeAndAfterClass.Enabled" name="testCase3" time="0.000"/>
  <testcase classname="Practice99.BeforeAndAfterClass.Enabled" name="testCase3" time="0.002"/>
  <testcase classname="Practice99.BeforeAndAfterClass.Enabled" name="testCase3" time="0.000"/>
  <testcase classname="Practice99.BeforeAndAfterClass.Enabled" name="testCase3" time="0.002"/>
  <testcase classname="Practice99.BeforeAndAfterClass.Enabled" name="testCase3" time="0.001"/>
  <testcase classname="Practice99.BeforeAndAfterClass.Enabled" name="testCase3" time="0.001"/>
  <testcase classname="Practice99.BeforeAndAfterClass.Enabled" name="testCase3" time="0.000"/>
  <testcase classname="Practice99.BeforeAndAfterClass.Enabled" name="testCase3" time="0.001"/>
  <testcase classname="Practice99.BeforeAndAfterClass.Enabled" name="testCase3" time="0.000"/>
  <testcase classname="Practice99.BeforeAndAfterClass.Enabled" name="testCase3" time="0.001"/>
  <testcase classname="Practice99.BeforeAndAfterClass.Enabled" name="testCase3" time="0.001"/>
  <testcase classname="Practice99.BeforeAndAfterClass.Enabled" name="testCase3" time="0.001"/>
  <testcase classname="Practice99.BeforeAndAfterClass.Enabled" name="testCase3" time="0.001"/>
  <testcase classname="Practice99.BeforeAndAfterClass.Enabled" name="testCase3" time="0.001"/>
  <testcase classname="Practice99.BeforeAndAfterClass.Enabled" name="testCase3" time="0.001"/>
  <testcase classname="Practice99.BeforeAndAfterClass.Enabled" name="testCase3" time="0.001"/>
  <testcase classname="Practice99.BeforeAndAfterClass.Enabled" name="testCase3" time="0.001"/>
  <testcase classname="Practice99.BeforeAndAfterClass.Enabled" name="testCase3" time="0.001"/>
  <testcase classname="Practice99.BeforeAndAfterClass.Enabled" name="testCase3" time="0.000"/>
  <testcase classname="Practice99.BeforeAndAfterClass.Enabled" name="testCase3" time="0.000"/>
  <testcase classname="Practice99.BeforeAndAfterClass.Enabled" name="testCase3" time="0.001"/>
  <testcase classname="Practice99.BeforeAndAfterClass.Enabled" name="testCase3" time="0.000"/>
  <testcase classname="Practice99.BeforeAndAfterClass.Enabled" name="testCase3" time="0.001"/>
  <testcase classname="Practice99.BeforeAndAfterClass.Enabled" name="testCase3" time="0.000"/>
  <testcase classname="Practice99.BeforeAndAfterClass.Enabled" name="testCase3" time="0.001"/>
  <testcase classname="Practice99.BeforeAndAfterClass.Enabled" name="testCase3" time="0.000"/>
  <testcase classname="Practice99.BeforeAndAfterClass.Enabled" name="testCase3" time="0.000"/>
  <testcase classname="Practice99.BeforeAndAfterClass.Enabled" name="testCase3" time="0.016"/>
  <testcase classname="Practice99.BeforeAndAfterClass.Enabled" name="testCase3" time="0.001"/>
  <testcase classname="Practice99.BeforeAndAfterClass.Enabled" name="testCase3" time="0.001"/>
  <testcase classname="Practice99.BeforeAndAfterClass.Enabled" name="testCase3" time="0.001"/>
  <testcase classname="Practice99.BeforeAndAfterClass.Enabled" name="testCase3" time="0.003"/>
  <testcase classname="Practice99.BeforeAndAfterClass.Enabled" name="testCase3" time="0.000"/>
  <testcase classname="Practice99.BeforeAndAfterClass.Enabled" name="testCase3" time="0.000"/>
  <testcase classname="Practice99.BeforeAndAfterClass.Enabled" name="testCase3" time="0.000"/>
  <testcase classname="Practice99.BeforeAndAfterClass.Enabled" name="testCase3" time="0.000"/>
  <testcase classname="Practice99.BeforeAndAfterClass.Enabled" name="testCase3" time="0.001"/>
  <testcase classname="Practice99.BeforeAndAfterClass.Enabled" name="testCase3" time="0.007"/>
  <testcase classname="Practice99.BeforeAndAfterClass.Enabled" name="testCase3" time="0.000"/>
  <testcase classname="Practice99.BeforeAndAfterClass.Enabled" name="testCase3" time="0.002"/>
  <testcase classname="Practice99.BeforeAndAfterClass.Enabled" name="testCase3" time="0.000"/>
  <testcase classname="Practice99.BeforeAndAfterClass.Enabled" name="testCase3" time="0.000"/>
  <testcase classname="Practice99.BeforeAndAfterClass.Enabled" name="testCase3" time="0.000"/>
  <testcase classname="Practice99.BeforeAndAfterClass.Enabled" name="testCase3" time="0.001"/>
  <testcase classname="Practice99.BeforeAndAfterClass.Enabled" name="testCase3" time="0.000"/>
  <testcase classname="Practice99.BeforeAndAfterClass.Enabled" name="testCase3" time="0.001"/>
  <testcase classname="Practice99.BeforeAndAfterClass.Enabled" name="testCase3" time="0.000"/>
  <testcase classname="Practice99.BeforeAndAfterClass.Enabled" name="testCase3" time="0.001"/>
  <testcase classname="Practice99.BeforeAndAfterClass.Enabled" name="testCase3" time="0.001"/>
  <testcase classname="Practice99.BeforeAndAfterClass.Enabled" name="testCase3" time="0.001"/>
  <testcase classname="Practice99.BeforeAndAfterClass.Enabled" name="testCase3" time="0.001"/>
  <testcase classname="Practice99.BeforeAndAfterClass.Enabled" name="testCase3" time="0.000"/>
  <testcase classname="Practice99.BeforeAndAfterClass.Enabled" name="testCase3" time="0.001"/>
  <testcase classname="Practice99.BeforeAndAfterClass.Enabled" name="testCase3" time="0.002"/>
  <testcase classname="Practice99.BeforeAndAfterClass.Enabled" name="testCase3" time="0.001"/>
  <testcase classname="Practice99.BeforeAndAfterClass.Enabled" name="testCase3" time="0.001"/>
  <testcase classname="Practice99.BeforeAndAfterClass.Enabled" name="testCase3" time="0.001"/>
  <testcase classname="Practice99.BeforeAndAfterClass.Enabled" name="testCase3" time="0.001"/>
  <testcase classname="Practice99.BeforeAndAfterClass.Enabled" name="testCase3" time="0.001"/>
  <testcase classname="Practice99.BeforeAndAfterClass.Enabled" name="testCase3" time="0.002"/>
  <testcase classname="Practice99.BeforeAndAfterClass.Enabled" name="testCase3" time="0.001"/>
  <testcase classname="Practice99.BeforeAndAfterClass.Enabled" name="testCase3" time="0.000"/>
  <testcase classname="Practice99.BeforeAndAfterClass.Enabled" name="testCase3" time="0.000"/>
  <testcase classname="Practice99.BeforeAndAfterClass.Enabled" name="testCase3" time="0.000"/>
  <testcase classname="Practice99.BeforeAndAfterClass.Enabled" name="testCase3" time="0.000"/>
  <testcase classname="Practice99.BeforeAndAfterClass.Enabled" name="testCase3" time="0.002"/>
  <testcase classname="Practice99.BeforeAndAfterClass.Enabled" name="testCase3" time="0.000"/>
  <testcase classname="Practice99.BeforeAndAfterClass.Enabled" name="testCase3" time="0.001"/>
  <testcase classname="Practice99.BeforeAndAfterClass.Enabled" name="testCase3" time="0.001"/>
  <testcase classname="Practice99.BeforeAndAfterClass.Enabled" name="testCase3" time="0.002"/>
  <testcase classname="Practice99.BeforeAndAfterClass.Enabled" name="testCase3" time="0.004"/>
  <testcase classname="Practice99.BeforeAndAfterClass.Enabled" name="testCase3" time="0.004"/>
  <testcase classname="Practice99.BeforeAndAfterClass.Enabled" name="testCase3" time="0.000"/>
  <testcase classname="Practice99.BeforeAndAfterClass.Enabled" name="testCase3" time="0.000"/>
  <testcase classname="Practice99.BeforeAndAfterClass.Enabled" name="testCase3" time="0.001"/>
  <testcase classname="Practice99.BeforeAndAfterClass.Enabled" name="testCase3" time="0.001"/>
  <testcase classname="Practice99.BeforeAndAfterClass.Enabled" name="testCase3" time="0.000"/>
  <testcase classname="Practice99.BeforeAndAfterClass.Enabled" name="testCase3" time="0.001"/>
  <testcase classname="Practice99.BeforeAndAfterClass.Enabled" name="testCase3" time="0.000"/>
  <testcase classname="Practice99.BeforeAndAfterClass.Enabled" name="testCase3" time="0.000"/>
  <testcase classname="Practice99.BeforeAndAfterClass.Enabled" name="testCase3" time="0.001"/>
  <testcase classname="Practice99.BeforeAndAfterClass.Enabled" name="testCase3" time="0.002"/>
  <testcase classname="Practice99.BeforeAndAfterClass.Enabled" name="testCase3" time="0.003"/>
  <testcase classname="Practice99.BeforeAndAfterClass.Enabled" name="testCase3" time="0.001"/>
  <testcase classname="Practice99.BeforeAndAfterClass.Enabled" name="testCase3" time="0.001"/>
  <testcase classname="Practice99.BeforeAndAfterClass.Enabled" name="testCase3" time="0.002"/>
  <testcase classname="Practice99.BeforeAndAfterClass.Enabled" name="testCase3" time="0.002"/>
  <testcase classname="Practice99.BeforeAndAfterClass.Enabled" name="testCase3" time="0.000"/>
  <testcase classname="Practice99.BeforeAndAfterClass.Enabled" name="testCase3" time="0.007"/>
  <testcase classname="Practice99.BeforeAndAfterClass.Enabled" name="testCase3" time="0.006"/>
  <testcase classname="Practice99.BeforeAndAfterClass.Enabled" name="testCase3" time="0.001"/>
  <testcase classname="Practice99.BeforeAndAfterClass.Enabled" name="testCase3" time="0.001"/>
  <testcase classname="Practice99.BeforeAndAfterClass.Enabled" name="testCase3" time="0.001"/>
  <testcase classname="Practice99.BeforeAndAfterClass.Enabled" name="testCase3" time="0.001"/>
  <testcase classname="Practice99.BeforeAndAfterClass.Enabled" name="testCase3" time="0.000"/>
  <testcase classname="Practice99.BeforeAndAfterClass.Enabled" name="testCase3" time="0.001"/>
  <testcase classname="Practice99.BeforeAndAfterClass.Enabled" name="testCase3" time="0.000"/>
  <testcase classname="Practice99.BeforeAndAfterClass.Enabled" name="testCase3" time="0.004"/>
  <testcase classname="Practice99.BeforeAndAfterClass.Enabled" name="testCase3" time="0.003"/>
  <testcase classname="Practice99.BeforeAndAfterClass.Enabled" name="testCase3" time="0.000"/>
  <testcase classname="Practice99.BeforeAndAfterClass.Enabled" name="testCase3" time="0.001"/>
  <testcase classname="Practice99.BeforeAndAfterClass.Enabled" name="testCase3" time="0.001"/>
  <testcase classname="Practice99.BeforeAndAfterClass.Enabled" name="testCase3" time="0.003"/>
  <testcase classname="Practice99.BeforeAndAfterClass.Enabled" name="testCase3" time="0.004"/>
  <testcase classname="Practice99.BeforeAndAfterClass.Enabled" name="testCase3" time="0.001"/>
  <testcase classname="Practice99.BeforeAndAfterClass.Enabled" name="testCase3" time="0.001"/>
  <testcase classname="Practice99.BeforeAndAfterClass.Enabled" name="testCase3" time="0.002"/>
  <testcase classname="Practice99.BeforeAndAfterClass.Enabled" name="testCase3" time="0.001"/>
  <testcase classname="Practice99.BeforeAndAfterClass.Enabled" name="testCase3" time="0.001"/>
  <testcase classname="Practice99.BeforeAndAfterClass.Enabled" name="testCase3" time="0.001"/>
  <testcase classname="Practice99.BeforeAndAfterClass.Enabled" name="testCase3" time="0.001"/>
  <testcase classname="Practice99.BeforeAndAfterClass.Enabled" name="testCase3" time="0.000"/>
  <testcase classname="Practice99.BeforeAndAfterClass.Enabled" name="testCase3" time="0.000"/>
  <testcase classname="Practice99.BeforeAndAfterClass.Enabled" name="testCase3" time="0.002"/>
  <testcase classname="Practice99.BeforeAndAfterClass.Enabled" name="testCase3" time="0.000"/>
  <testcase classname="Practice99.BeforeAndAfterClass.Enabled" name="testCase3" time="0.000"/>
  <testcase classname="Practice99.BeforeAndAfterClass.Enabled" name="testCase3" time="0.001"/>
  <testcase classname="Practice99.BeforeAndAfterClass.Enabled" name="testCase3" time="0.001"/>
  <testcase classname="Practice99.BeforeAndAfterClass.Enabled" name="testCase3" time="0.000"/>
  <testcase classname="Practice99.BeforeAndAfterClass.Enabled" name="testCase3" time="0.001"/>
  <testcase classname="Practice99.BeforeAndAfterClass.Enabled" name="testCase3" time="0.000"/>
  <testcase classname="Practice99.BeforeAndAfterClass.Enabled" name="testCase3" time="0.001"/>
  <testcase classname="Practice99.BeforeAndAfterClass.Enabled" name="testCase3" time="0.001"/>
  <testcase classname="Practice99.BeforeAndAfterClass.Enabled" name="testCase3" time="0.002"/>
  <testcase classname="Practice99.BeforeAndAfterClass.Enabled" name="testCase3" time="0.003"/>
  <testcase classname="Practice99.BeforeAndAfterClass.Enabled" name="testCase3" time="0.000"/>
  <testcase classname="Practice99.BeforeAndAfterClass.Enabled" name="testCase3" time="0.001"/>
  <testcase classname="Practice99.BeforeAndAfterClass.Enabled" name="testCase3" time="0.001"/>
  <testcase classname="Practice99.BeforeAndAfterClass.Enabled" name="testCase3" time="0.001"/>
  <testcase classname="Practice99.BeforeAndAfterClass.Enabled" name="testCase3" time="0.001"/>
  <testcase classname="Practice99.BeforeAndAfterClass.Enabled" name="testCase3" time="0.005"/>
  <testcase classname="Practice99.BeforeAndAfterClass.Enabled" name="testCase3" time="0.000"/>
  <testcase classname="Practice99.BeforeAndAfterClass.Enabled" name="testCase3" time="0.001"/>
  <testcase classname="Practice99.BeforeAndAfterClass.Enabled" name="testCase3" time="0.001"/>
  <testcase classname="Practice99.BeforeAndAfterClass.Enabled" name="testCase3" time="0.000"/>
  <testcase classname="Practice99.BeforeAndAfterClass.Enabled" name="testCase3" time="0.001"/>
  <testcase classname="Practice99.BeforeAndAfterClass.Enabled" name="testCase3" time="0.001"/>
  <testcase classname="Practice99.BeforeAndAfterClass.Enabled" name="testCase3" time="0.001"/>
  <testcase classname="Practice99.BeforeAndAfterClass.Enabled" name="testCase3" time="0.000"/>
  <testcase classname="Practice99.BeforeAndAfterClass.Enabled" name="testCase3" time="0.002"/>
  <testcase classname="Practice99.BeforeAndAfterClass.Enabled" name="testCase3" time="0.000"/>
  <testcase classname="Practice99.BeforeAndAfterClass.Enabled" name="testCase3" time="0.000"/>
  <testcase classname="Practice99.BeforeAndAfterClass.Enabled" name="testCase3" time="0.001"/>
  <testcase classname="Practice99.BeforeAndAfterClass.Enabled" name="testCase3" time="0.000"/>
  <testcase classname="Practice99.BeforeAndAfterClass.Enabled" name="testCase3" time="0.003"/>
  <testcase classname="Practice99.BeforeAndAfterClass.Enabled" name="testCase3" time="0.001"/>
  <testcase classname="Practice99.BeforeAndAfterClass.Enabled" name="testCase3" time="0.002"/>
  <testcase classname="Practice99.BeforeAndAfterClass.Enabled" name="testCase3" time="0.000"/>
  <testcase classname="Practice99.BeforeAndAfterClass.Enabled" name="testCase3" time="0.000"/>
  <testcase classname="Practice99.BeforeAndAfterClass.Enabled" name="testCase3" time="0.000"/>
  <testcase classname="Practice99.BeforeAndAfterClass.Enabled" name="testCase3" time="0.000"/>
  <testcase classname="Practice99.BeforeAndAfterClass.Enabled" name="testCase3" time="0.000"/>
  <testcase classname="Practice99.BeforeAndAfterClass.Enabled" name="testCase3" time="0.011"/>
  <testcase classname="Practice99.BeforeAndAfterClass.Enabled" name="testCase3" time="0.000"/>
  <testcase classname="Practice99.BeforeAndAfterClass.Enabled" name="testCase3" time="0.000"/>
  <testcase classname="Practice99.BeforeAndAfterClass.Enabled" name="testCase3" time="0.002"/>
  <testcase classname="Practice99.BeforeAndAfterClass.Enabled" name="testCase3" time="0.005"/>
  <testcase classname="Practice99.BeforeAndAfterClass.Enabled" name="testCase3" time="0.001"/>
  <testcase classname="Practice99.BeforeAndAfterClass.Enabled" name="testCase3" time="0.001"/>
  <testcase classname="Practice99.BeforeAndAfterClass.Enabled" name="testCase3" time="0.002"/>
  <testcase classname="Practice99.BeforeAndAfterClass.Enabled" name="testCase3" time="0.001"/>
  <testcase classname="Practice99.BeforeAndAfterClass.Enabled" name="testCase3" time="0.010"/>
  <testcase classname="Practice99.BeforeAndAfterClass.Enabled" name="testCase3" time="0.001"/>
  <testcase classname="Practice99.BeforeAndAfterClass.Enabled" name="testCase3" time="0.003"/>
  <testcase classname="Practice99.BeforeAndAfterClass.Enabled" name="testCase3" time="0.000"/>
  <testcase classname="Practice99.BeforeAndAfterClass.Enabled" name="testCase3" time="0.003"/>
  <testcase classname="Practice99.BeforeAndAfterClass.Enabled" name="testCase3" time="0.000"/>
  <testcase classname="Practice99.BeforeAndAfterClass.Enabled" name="testCase3" time="0.000"/>
  <testcase classname="Practice99.BeforeAndAfterClass.Enabled" name="testCase3" time="0.001"/>
  <testcase classname="Practice99.BeforeAndAfterClass.Enabled" name="testCase3" time="0.001"/>
  <testcase classname="Practice99.BeforeAndAfterClass.Enabled" name="testCase3" time="0.001"/>
  <testcase classname="Practice99.BeforeAndAfterClass.Enabled" name="testCase3" time="0.002"/>
  <testcase classname="Practice99.BeforeAndAfterClass.Enabled" name="testCase3" time="0.000"/>
  <testcase classname="Practice99.BeforeAndAfterClass.Enabled" name="testCase3" time="0.000"/>
  <testcase classname="Practice99.BeforeAndAfterClass.Enabled" name="testCase3" time="0.000"/>
  <testcase classname="Practice99.BeforeAndAfterClass.Enabled" name="testCase3" time="0.000"/>
  <testcase classname="Practice99.BeforeAndAfterClass.Enabled" name="testCase3" time="0.000"/>
  <testcase classname="Practice99.BeforeAndAfterClass.Enabled" name="testCase3" time="0.001"/>
  <testcase classname="Practice99.BeforeAndAfterClass.Enabled" name="testCase3" time="0.001"/>
  <testcase classname="Practice99.BeforeAndAfterClass.Enabled" name="testCase3" time="0.000"/>
  <testcase classname="Practice99.BeforeAndAfterClass.Enabled" name="testCase3" time="0.003"/>
  <testcase classname="Practice99.BeforeAndAfterClass.Enabled" name="testCase3" time="0.003"/>
  <testcase classname="Practice99.BeforeAndAfterClass.Enabled" name="testCase3" time="0.000"/>
  <testcase classname="Practice99.BeforeAndAfterClass.Enabled" name="testCase3" time="0.001"/>
  <testcase classname="Practice99.BeforeAndAfterClass.Enabled" name="testCase3" time="0.000"/>
  <testcase classname="Practice99.BeforeAndAfterClass.Enabled" name="testCase3" time="0.001"/>
  <testcase classname="Practice99.BeforeAndAfterClass.Enabled" name="testCase3" time="0.000"/>
  <testcase classname="Practice99.BeforeAndAfterClass.Enabled" name="testCase3" time="0.001"/>
  <testcase classname="Practice99.BeforeAndAfterClass.Enabled" name="testCase3" time="0.002"/>
  <testcase classname="Practice99.BeforeAndAfterClass.Enabled" name="testCase3" time="0.001"/>
  <testcase classname="Practice99.BeforeAndAfterClass.Enabled" name="testCase3" time="0.001"/>
  <testcase classname="Practice99.BeforeAndAfterClass.Enabled" name="testCase3" time="0.001"/>
  <testcase classname="Practice99.BeforeAndAfterClass.Enabled" name="testCase3" time="0.000"/>
  <testcase classname="Practice99.BeforeAndAfterClass.Enabled" name="testCase3" time="0.001"/>
  <testcase classname="Practice99.BeforeAndAfterClass.Enabled" name="testCase3" time="0.000"/>
  <testcase classname="Practice99.BeforeAndAfterClass.Enabled" name="testCase3" time="0.009"/>
  <testcase classname="Practice99.BeforeAndAfterClass.Enabled" name="testCase3" time="0.000"/>
[...]
  <testcase classname="Practice99.BeforeAndAfterClass.Enabled" name="testCase3" time="0.003"/>
  <testcase classname="Practice99.BeforeAndAfterClass.Enabled" name="testCase3" time="0.001"/>
  <testcase classname="Practice99.BeforeAndAfterClass.Enabled" name="testCase3" time="0.000"/>
  <testcase classname="Practice99.BeforeAndAfterClass.Enabled" name="testCase3" time="0.002"/>
  <testcase classname="Practice99.BeforeAndAfterClass.Enabled" name="testCase3" time="0.002"/>
  <testcase classname="Practice99.BeforeAndAfterClass.Enabled" name="testCase3" time="0.002"/>
  <testcase classname="Practice99.BeforeAndAfterClass.Enabled" name="testCase3" time="0.000"/>
  <testcase classname="Practice99.BeforeAndAfterClass.Enabled" name="testCase3" time="0.002"/>
  <testcase classname="Practice99.BeforeAndAfterClass.Enabled" name="testCase3" time="0.001"/>
  <testcase classname="Practice99.BeforeAndAfterClass.Enabled" name="testCase3" time="0.000"/>
  <testcase classname="Practice99.BeforeAndAfterClass.Enabled" name="testCase3" time="0.001"/>
  <testcase classname="Practice99.BeforeAndAfterClass.Enabled" name="testCase3" time="0.001"/>
  <testcase classname="Practice99.BeforeAndAfterClass.Enabled" name="testCase3" time="0.001"/>
  <testcase classname="Practice99.BeforeAndAfterClass.Enabled" name="testCase3" time="0.000"/>
  <testcase classname="Practice99.BeforeAndAfterClass.Enabled" name="testCase3" time="0.001"/>
  <testcase classname="Practice99.BeforeAndAfterClass.Enabled" name="testCase3" time="0.000"/>
  <testcase classname="Practice99.BeforeAndAfterClass.Enabled" name="testCase3" time="0.001"/>
  <testcase classname="Practice99.BeforeAndAfterClass.Enabled" name="testCase3" time="0.000"/>
  <testcase classname="Practice99.BeforeAndAfterClass.Enabled" name="testCase3" time="0.001"/>
  <testcase classname="Practice99.BeforeAndAfterClass.Enabled" name="testCase3" time="0.003"/>
  <testcase classname="Practice99.BeforeAndAfterClass.Enabled" name="testCase3" time="0.000"/>
  <testcase classname="Practice99.BeforeAndAfterClass.Enabled" name="testCase3" time="0.000"/>
  <testcase classname="Practice99.BeforeAndAfterClass.Enabled" name="testCase3" time="0.000"/>
  <testcase classname="Practice99.BeforeAndAfterClass.Enabled" name="testCase3" time="0.001"/>
  <testcase classname="Practice99.BeforeAndAfterClass.Enabled" name="testCase3" time="0.000"/>
  <testcase classname="Practice99.BeforeAndAfterClass.Enabled" name="testCase3" time="0.001"/>
  <testcase classname="Practice99.BeforeAndAfterClass.Enabled" name="testCase3" time="0.002"/>
  <testcase classname="Practice99.BeforeAndAfterClass.Enabled" name="testCase3" time="0.001"/>
  <testcase classname="Practice99.BeforeAndAfterClass.Enabled" name="testCase3" time="0.001"/>
  <testcase classname="Practice99.BeforeAndAfterClass.Enabled" name="testCase3" time="0.001"/>
  <testcase classname="Practice99.BeforeAndAfterClass.Enabled" name="testCase3" time="0.001"/>
  <testcase classname="Practice99.BeforeAndAfterClass.Enabled" name="testCase3" time="0.002"/>
  <testcase classname="Practice99.BeforeAndAfterClass.Enabled" name="testCase3" time="0.001"/>
  <testcase classname="Practice99.BeforeAndAfterClass.Enabled" name="testCase3" time="0.008"/>
  <testcase classname="Practice99.BeforeAndAfterClass.Enabled" name="testCase3" time="0.001"/>
  <testcase classname="Practice99.BeforeAndAfterClass.Enabled" name="testCase3" time="0.000"/>
  <testcase classname="Practice99.BeforeAndAfterClass.Enabled" name="testCase3" time="0.001"/>
  <testcase classname="Practice99.BeforeAndAfterClass.Enabled" name="testCase3" time="0.000"/>
  <testcase classname="Practice99.BeforeAndAfterClass.Enabled" name="testCase3" time="0.000"/>
  <testcase classname="Practice99.BeforeAndAfterClass.Enabled" name="testCase3" time="0.001"/>
  <testcase classname="Practice99.BeforeAndAfterClass.Enabled" name="testCase3" time="0.000"/>
  <testcase classname="Practice99.BeforeAndAfterClass.Enabled" name="testCase3" time="0.003"/>
  <testcase classname="Practice99.BeforeAndAfterClass.Enabled" name="testCase3" time="0.003"/>
  <testcase classname="Practice99.BeforeAndAfterClass.Enabled" name="testCase3" time="0.000"/>
  <testcase classname="Practice99.BeforeAndAfterClass.Enabled" name="testCase3" time="0.001"/>
  <testcase classname="Practice99.BeforeAndAfterClass.Enabled" name="testCase3" time="0.002"/>
  <testcase classname="Practice99.BeforeAndAfterClass.Enabled" name="testCase3" time="0.000"/>
  <testcase classname="Practice99.BeforeAndAfterClass.Enabled" name="testCase3" time="0.000"/>
  <testcase classname="Practice99.BeforeAndAfterClass.Enabled" name="testCase3" time="0.001"/>
  <testcase classname="Practice99.BeforeAndAfterClass.Enabled" name="testCase3" time="0.001"/>
  <testcase classname="Practice99.BeforeAndAfterClass.Enabled" name="testCase3" time="0.001"/>
  <testcase classname="Practice99.BeforeAndAfterClass.Enabled" name="testCase3" time="0.000"/>
  <testcase classname="Practice99.BeforeAndAfterClass.Enabled" name="testCase3" time="0.000"/>
  <testcase classname="Practice99.BeforeAndAfterClass.Enabled" name="testCase3" time="0.001"/>
  <testcase classname="Practice99.BeforeAndAfterClass.Enabled" name="testCase3" time="0.001"/>
  <testcase classname="Practice99.BeforeAndAfterClass.Enabled" name="testCase3" time="0.003"/>
  <testcase classname="Practice99.BeforeAndAfterClass.Enabled" name="testCase3" time="0.002"/>
  <testcase classname="Practice99.BeforeAndAfterClass.Enabled" name="testCase3" time="0.000"/>
  <testcase classname="Practice99.BeforeAndAfterClass.Enabled" name="testCase3" time="0.000"/>
  <testcase classname="Practice99.BeforeAndAfterClass.Enabled" name="testCase3" time="0.000"/>
  <testcase classname="Practice99.BeforeAndAfterClass.Enabled" name="testCase3" time="0.009"/>
  <testcase classname="Practice99.BeforeAndAfterClass.Enabled" name="testCase3" time="0.001"/>
  <testcase classname="Practice99.BeforeAndAfterClass.Enabled" name="testCase3" time="0.002"/>
  <testcase classname="Practice99.BeforeAndAfterClass.Enabled" name="testCase3" time="0.001"/>
  <testcase classname="Practice99.BeforeAndAfterClass.Enabled" name="testCase3" time="0.001"/>
  <testcase classname="Practice99.BeforeAndAfterClass.Enabled" name="testCase3" time="0.001"/>
  <testcase classname="Practice99.BeforeAndAfterClass.Enabled" name="testCase3" time="0.000"/>
  <testcase classname="Practice99.BeforeAndAfterClass.Enabled" name="testCase3" time="0.000"/>
  <testcase classname="Practice99.BeforeAndAfterClass.Enabled" name="testCase3" time="0.000"/>
  <testcase classname="Practice99.BeforeAndAfterClass.Enabled" name="testCase3" time="0.001"/>
  <testcase classname="Practice99.BeforeAndAfterClass.Enabled" name="testCase3" time="0.001"/>
  <testcase classname="Practice99.BeforeAndAfterClass.Enabled" name="testCase3" time="0.001"/>
  <testcase classname="Practice99.BeforeAndAfterClass.Enabled" name="testCase3" time="0.001"/>
  <testcase classname="Practice99.BeforeAndAfterClass.Enabled" name="testCase3" time="0.015"/>
  <testcase classname="Practice99.BeforeAndAfterClass.Enabled" name="testCase3" time="0.001"/>
  <testcase classname="Practice99.BeforeAndAfterClass.Enabled" name="testCase3" time="0.000"/>
  <testcase classname="Practice99.BeforeAndAfterClass.Enabled" name="testCase3" time="0.001"/>
  <testcase classname="Practice99.BeforeAndAfterClass.Enabled" name="testCase3" time="0.000"/>
  <testcase classname="Practice99.BeforeAndAfterClass.Enabled" name="testCase3" time="0.001"/>
  <testcase classname="Practice99.BeforeAndAfterClass.Enabled" name="testCase3" time="0.002"/>
  <testcase classname="Practice99.BeforeAndAfterClass.Enabled" name="testCase3" time="0.004"/>
  <testcase classname="Practice99.BeforeAndAfterClass.Enabled" name="testCase3" time="0.001"/>
  <testcase classname="Practice99.BeforeAndAfterClass.Enabled" name="testCase3" time="0.000"/>
  <testcase classname="Practice99.BeforeAndAfterClass.Enabled" name="testCase3" time="0.001"/>
  <testcase classname="Practice99.BeforeAndAfterClass.Enabled" name="testCase3" time="0.001"/>
  <testcase classname="Practice99.BeforeAndAfterClass.Enabled" name="testCase3" time="0.002"/>
  <testcase classname="Practice99.BeforeAndAfterClass.Enabled" name="testCase3" time="0.000"/>
  <testcase classname="Practice99.BeforeAndAfterClass.Enabled" name="testCase3" time="0.002"/>
  <testcase classname="Practice99.BeforeAndAfterClass.Enabled" name="testCase3" time="0.003"/>
  <testcase classname="Practice99.BeforeAndAfterClass.Enabled" name="testCase3" time="0.000"/>
  <testcase classname="Practice99.BeforeAndAfterClass.Enabled" name="testCase3" time="0.001"/>
  <testcase classname="Practice99.BeforeAndAfterClass.Enabled" name="testCase3" time="0.001"/>
  <testcase classname="Practice99.BeforeAndAfterClass.Enabled" name="testCase3" time="0.001"/>
  <testcase classname="Practice99.BeforeAndAfterClass.Enabled" name="testCase3" time="0.001"/>
  <testcase classname="Practice99.BeforeAndAfterClass.Enabled" name="testCase3" time="0.001"/>
  <testcase classname="Practice99.BeforeAndAfterClass.Enabled" name="testCase3" time="0.002"/>
  <testcase classname="Practice99.BeforeAndAfterClass.Enabled" name="testCase3" time="0.000"/>
  <testcase classname="Practice99.BeforeAndAfterClass.Enabled" name="testCase3" time="0.000"/>
  <testcase classname="Practice99.BeforeAndAfterClass.Enabled" name="testCase3" time="0.001"/>
  <testcase classname="Practice99.BeforeAndAfterClass.Enabled" name="testCase3" time="0.001"/>
  <testcase classname="Practice99.BeforeAndAfterClass.Enabled" name="testCase3" time="0.000"/>
  <testcase classname="Practice99.BeforeAndAfterClass.Enabled" name="testCase3" time="0.001"/>
  <testcase classname="Practice99.BeforeAndAfterClass.Enabled" name="testCase3" time="0.001"/>
  <testcase classname="Practice99.BeforeAndAfterClass.Enabled" name="testCase3" time="0.001"/>
  <testcase classname="Practice99.BeforeAndAfterClass.Enabled" name="testCase3" time="0.001"/>
  <testcase classname="Practice99.BeforeAndAfterClass.Enabled" name="testCase3" time="0.000"/>
  <testcase classname="Practice99.BeforeAndAfterClass.Enabled" name="testCase3" time="0.000"/>
  <testcase classname="Practice99.BeforeAndAfterClass.Enabled" name="testCase3" time="0.001"/>
  <testcase classname="Practice99.BeforeAndAfterClass.Enabled" name="testCase3" time="0.001"/>
  <testcase classname="Practice99.BeforeAndAfterClass.Enabled" name="testCase3" time="0.000"/>
  <testcase classname="Practice99.BeforeAndAfterClass.Enabled" name="testCase3" time="0.001"/>
  <testcase classname="Practice99.BeforeAndAfterClass.Enabled" name="testCase3" time="0.004"/>
  <testcase classname="Practice99.BeforeAndAfterClass.Enabled" name="testCase3" time="0.001"/>
  <testcase classname="Practice99.BeforeAndAfterClass.Enabled" name="testCase3" time="0.000"/>
  <testcase classname="Practice99.BeforeAndAfterClass.Enabled" name="testCase3" time="0.001"/>
  <testcase classname="Practice99.BeforeAndAfterClass.Enabled" name="testCase3" time="0.002"/>
  <testcase classname="Practice99.BeforeAndAfterClass.Enabled" name="testCase3" time="0.001"/>
  <testcase classname="Practice99.BeforeAndAfterClass.Enabled" name="testCase3" time="0.001"/>
  <testcase classname="Practice99.BeforeAndAfterClass.Enabled" name="testCase3" time="0.002"/>
  <testcase classname="Practice99.BeforeAndAfterClass.Enabled" name="testCase3" time="0.001"/>
  <testcase classname="Practice99.BeforeAndAfterClass.Enabled" name="testCase3" time="0.005"/>
  <testcase classname="Practice99.BeforeAndAfterClass.Enabled" name="testCase3" time="0.000"/>
  <testcase classname="Practice99.BeforeAndAfterClass.Enabled" name="testCase3" time="0.001"/>
  <testcase classname="Practice99.BeforeAndAfterClass.Enabled" name="testCase3" time="0.000"/>
  <testcase classname="Practice99.BeforeAndAfterClass.Enabled" name="testCase3" time="0.000"/>
  <testcase classname="Practice99.BeforeAndAfterClass.Enabled" name="testCase3" time="0.002"/>
  <testcase classname="Practice99.BeforeAndAfterClass.Enabled" name="testCase3" time="0.000"/>
  <testcase classname="Practice99.BeforeAndAfterClass.Enabled" name="testCase3" time="0.000"/>
  <testcase classname="Practice99.BeforeAndAfterClass.Enabled" name="testCase3" time="0.000"/>
  <testcase classname="Practice99.BeforeAndAfterClass.Enabled" name="testCase3" time="0.001"/>
  <testcase classname="Practice99.BeforeAndAfterClass.Enabled" name="testCase3" time="0.001"/>
  <testcase classname="Practice99.BeforeAndAfterClass.Enabled" name="testCase3" time="0.001"/>
  <testcase classname="Practice99.BeforeAndAfterClass.Enabled" name="testCase3" time="0.001"/>
  <testcase classname="Practice99.BeforeAndAfterClass.Enabled" name="testCase3" time="0.001"/>
  <testcase classname="Practice99.BeforeAndAfterClass.Enabled" name="testCase3" time="0.001"/>
  <testcase classname="Practice99.BeforeAndAfterClass.Enabled" name="testCase3" time="0.000"/>
  <testcase classname="Practice99.BeforeAndAfterClass.Enabled" name="testCase3" time="0.001"/>
  <testcase classname="Practice99.BeforeAndAfterClass.Enabled" name="testCase3" time="0.000"/>
  <testcase classname="Practice99.BeforeAndAfterClass.Enabled" name="testCase3" time="0.002"/>
  <testcase classname="Practice99.BeforeAndAfterClass.Enabled" name="testCase3" time="0.001"/>
  <testcase classname="Practice99.BeforeAndAfterClass.Enabled" name="testCase3" time="0.000"/>
  <testcase classname="Practice99.BeforeAndAfterClass.Enabled" name="testCase3" time="0.001"/>
  <testcase classname="Practice99.BeforeAndAfterClass.Enabled" name="testCase3" time="0.000"/>
  <testcase classname="Practice99.BeforeAndAfterClass.Enabled" name="testCase3" time="0.000"/>
  <testcase classname="Practice99.BeforeAndAfterClass.Enabled" name="testCase3" time="0.001"/>
  <testcase classname="Practice99.BeforeAndAfterClass.Enabled" name="testCase3" time="0.001"/>
  <testcase classname="Practice99.BeforeAndAfterClass.Enabled" name="testCase3" time="0.001"/>
  <testcase classname="Practice99.BeforeAndAfterClass.Enabled" name="testCase3" time="0.005"/>
  <testcase classname="Practice99.BeforeAndAfterClass.Enabled" name="testCase3" time="0.001"/>
  <testcase classname="Practice99.BeforeAndAfterClass.Enabled" name="testCase3" time="0.000"/>
  <testcase classname="Practice99.BeforeAndAfterClass.Enabled" name="testCase3" time="0.001"/>
  <testcase classname="Practice99.BeforeAndAfterClass.Enabled" name="testCase3" time="0.000"/>
  <testcase classname="Practice99.BeforeAndAfterClass.Enabled" name="testcase1" time="0.001"/>
  <testcase classname="Practice99.BeforeAndAfterClass.Enabled" name="testCase3" time="0.000"/>
  <testcase classname="Practice99.BeforeAndAfterClass.Enabled" name="testCase3" time="0.001"/>
  <testcase classname="Practice99.BeforeAndAfterClass.Enabled" name="testCase3" time="0.001"/>
  <testcase classname="Practice99.BeforeAndAfterClass.Enabled" name="testCase3" time="0.004"/>
  <testcase classname="Practice99.BeforeAndAfterClass.Enabled" name="testCase3" time="0.001"/>
  <testcase classname="Practice99.BeforeAndAfterClass.Enabled" name="testCase3" time="0.001"/>
  <testcase classname="Practice99.BeforeAndAfterClass.Enabled" name="testCase3" time="0.001"/>
  <testcase classname="Practice99.BeforeAndAfterClass.Enabled" name="testCase3" time="0.000"/>
  <testcase classname="Practice99.BeforeAndAfterClass.Enabled" name="testCase3" time="0.002"/>
  <testcase classname="Practice99.BeforeAndAfterClass.Enabled" name="testCase3" time="0.001"/>
  <testcase classname="Practice99.BeforeAndAfterClass.Enabled" name="testCase3" time="0.001"/>
  <testcase classname="Practice99.BeforeAndAfterClass.Enabled" name="testCase3" time="0.001"/>
  <testcase classname="Practice99.BeforeAndAfterClass.Enabled" name="testCase3" time="0.001"/>
  <testcase classname="Practice99.BeforeAndAfterClass.Enabled" name="testCase3" time="0.001"/>
  <testcase classname="Practice99.BeforeAndAfterClass.Enabled" name="testCase3" time="0.001"/>
  <testcase classname="Practice99.BeforeAndAfterClass.Enabled" name="testCase3" time="0.000"/>
  <testcase classname="Practice99.BeforeAndAfterClass.Enabled" name="testCase3" time="0.000"/>
  <testcase classname="Practice99.BeforeAndAfterClass.Enabled" name="testCase3" time="0.002"/>
  <testcase classname="Practice99.BeforeAndAfterClass.Enabled" name="testCase3" time="0.001"/>
  <testcase classname="Practice99.BeforeAndAfterClass.Enabled" name="testCase3" time="0.001"/>
  <testcase classname="Practice99.BeforeAndAfterClass.Enabled" name="testCase3" time="0.001"/>
  <testcase classname="Practice99.BeforeAndAfterClass.Enabled" name="testCase3" time="0.001"/>
  <testcase classname="Practice99.BeforeAndAfterClass.Enabled" name="testCase3" time="0.002"/>
  <testcase classname="Practice99.BeforeAndAfterClass.Enabled" name="testCase3" time="0.000"/>
  <testcase classname="Practice99.BeforeAndAfterClass.Enabled" name="testCase3" time="0.003"/>
  <testcase classname="Practice99.BeforeAndAfterClass.Enabled" name="testCase3" time="0.001"/>
  <testcase classname="Practice99.BeforeAndAfterClass.Enabled" name="testCase3" time="0.000"/>
  <testcase classname="Practice99.BeforeAndAfterClass.Enabled" name="testCase3" time="0.000"/>
  <testcase classname="Practice99.BeforeAndAfterClass.Enabled" name="testCase3" time="0.000"/>
  <testcase classname="Practice99.BeforeAndAfterClass.Enabled" name="testCase3" time="0.000"/>
  <testcase classname="Practice99.BeforeAndAfterClass.Enabled" name="testCase3" time="0.000"/>
  <testcase classname="Practice99.BeforeAndAfterClass.Enabled" name="testCase3" time="0.008"/>
  <testcase classname="Practice99.BeforeAndAfterClass.Enabled" name="testCase3" time="0.002"/>
  <testcase classname="Practice99.BeforeAndAfterClass.Enabled" name="testCase3" time="0.001"/>
  <testcase classname="Practice99.BeforeAndAfterClass.Enabled" name="testCase3" time="0.000"/>
  <testcase classname="Practice99.BeforeAndAfterClass.Enabled" name="testCase3" time="0.000"/>
  <testcase classname="Practice99.BeforeAndAfterClass.Enabled" name="testCase3" time="0.000"/>
  <testcase classname="Practice99.BeforeAndAfterClass.Enabled" name="testCase3" time="0.001"/>
  <testcase classname="Practice99.BeforeAndAfterClass.Enabled" name="testCase3" time="0.001"/>
  <testcase classname="Practice99.BeforeAndAfterClass.Enabled" name="testCase3" time="0.001"/>
  <testcase classname="Practice99.BeforeAndAfterClass.Enabled" name="testCase3" time="0.000"/>
  <testcase classname="Practice99.BeforeAndAfterClass.Enabled" name="testCase3" time="0.000"/>
  <testcase classname="Practice99.BeforeAndAfterClass.Enabled" name="testCase3" time="0.000"/>
  <testcase classname="Practice99.BeforeAndAfterClass.Enabled" name="testCase3" time="0.001"/>
  <testcase classname="Practice99.BeforeAndAfterClass.Enabled" name="testCase3" time="0.001"/>
  <testcase classname="Practice99.BeforeAndAfterClass.Enabled" name="testCase3" time="0.000"/>
  <testcase classname="Practice99.BeforeAndAfterClass.Enabled" name="testCase3" time="0.001"/>
  <testcase classname="Practice99.BeforeAndAfterClass.Enabled" name="testCase3" time="0.001"/>
  <testcase classname="Practice99.BeforeAndAfterClass.Enabled" name="testCase3" time="0.008"/>
  <testcase classname="Practice99.BeforeAndAfterClass.Enabled" name="testCase3" time="0.001"/>
  <testcase classname="Practice99.BeforeAndAfterClass.Enabled" name="testCase3" time="0.000"/>
  <testcase classname="Practice99.BeforeAndAfterClass.Enabled" name="testCase3" time="0.001"/>
  <testcase classname="Practice99.BeforeAndAfterClass.Enabled" name="testCase3" time="0.001"/>
  <testcase classname="Practice99.BeforeAndAfterClass.Enabled" name="testCase3" time="0.001"/>
  <testcase classname="Practice99.BeforeAndAfterClass.Enabled" name="testCase3" time="0.000"/>
  <testcase classname="Practice99.BeforeAndAfterClass.Enabled" name="testcase2">
    <skipped/>
  </testcase> <!-- testcase2 -->
</testsuite> <!-- Practice99.BeforeAndAfterClass.Enabled -->
