<?xml version="1.0" encoding="UTF-8"?>
<testng-results ignored="0" total="1" passed="1" failed="0" skipped="0">
  <reporter-output>
  </reporter-output>
  <suite started-at="2024-09-19T14:23:27 IST" name="Default suite" finished-at="2024-09-19T14:23:27 IST" duration-ms="53">
    <groups>
    </groups>
    <test started-at="2024-09-19T14:23:27 IST" name="Default test" finished-at="2024-09-19T14:23:27 IST" duration-ms="53">
      <class name="Practice99.Practice99.BeforeAndAfterClass.NewTest">
        <test-method is-config="true" signature="beforeTest()[pri:0, instance:Practice99.Practice99.BeforeAndAfterClass.NewTest@3c407114]" started-at="2024-09-19T14:23:27 IST" name="beforeTest" finished-at="2024-09-19T14:23:27 IST" duration-ms="8" status="PASS">
          <reporter-output>
          </reporter-output>
        </test-method> <!-- beforeTest -->
        <test-method is-config="true" signature="beforeClass()[pri:0, instance:Practice99.Practice99.BeforeAndAfterClass.NewTest@3c407114]" started-at="2024-09-19T14:23:27 IST" name="beforeClass" finished-at="2024-09-19T14:23:27 IST" duration-ms="1" status="PASS">
          <reporter-output>
          </reporter-output>
        </test-method> <!-- beforeClass -->
        <test-method signature="f()[pri:0, instance:Practice99.Practice99.BeforeAndAfterClass.NewTest@3c407114]" started-at="2024-09-19T14:23:27 IST" name="f" finished-at="2024-09-19T14:23:27 IST" duration-ms="10" status="PASS">
          <reporter-output>
          </reporter-output>
        </test-method> <!-- f -->
        <test-method is-config="true" signature="beforeMethod()[pri:0, instance:Practice99.Practice99.BeforeAndAfterClass.NewTest@3c407114]" started-at="2024-09-19T14:23:27 IST" name="beforeMethod" finished-at="2024-09-19T14:23:27 IST" duration-ms="0" status="PASS">
          <reporter-output>
          </reporter-output>
        </test-method> <!-- beforeMethod -->
        <test-method is-config="true" signature="afterMethod()[pri:0, instance:Practice99.Practice99.BeforeAndAfterClass.NewTest@3c407114]" started-at="2024-09-19T14:23:27 IST" name="afterMethod" finished-at="2024-09-19T14:23:27 IST" duration-ms="0" status="PASS">
          <reporter-output>
          </reporter-output>
        </test-method> <!-- afterMethod -->
        <test-method is-config="true" signature="afterClass()[pri:0, instance:Practice99.Practice99.BeforeAndAfterClass.NewTest@3c407114]" started-at="2024-09-19T14:23:27 IST" name="afterClass" finished-at="2024-09-19T14:23:27 IST" duration-ms="0" status="PASS">
          <reporter-output>
          </reporter-output>
        </test-method> <!-- afterClass -->
      </class> <!-- Practice99.Practice99.BeforeAndAfterClass.NewTest -->
    </test> <!-- Default test -->
  </suite> <!-- Default suite -->
</testng-results>
